2025-05-16 23:59:48,726 - DEBUG - Starting script execution
2025-05-16 23:59:48,726 - DEBUG - Setting up Chrome browser
2025-05-16 23:59:48,726 - INFO - ====== WebDriver manager ======
2025-05-16 23:59:51,708 - INFO - Get LATEST chromedriver version for google-chrome
2025-05-16 23:59:51,711 - DEBUG - Starting new HTTPS connection (1): googlechromelabs.github.io:443
2025-05-16 23:59:51,724 - DEBUG - https://googlechromelabs.github.io:443 "GET /chrome-for-testing/latest-patch-versions-per-build.json HTTP/1.1" 200 11111
2025-05-16 23:59:51,726 - INFO - Get LATEST chromedriver version for google-chrome
2025-05-16 23:59:51,728 - DEBUG - Starting new HTTPS connection (1): googlechromelabs.github.io:443
2025-05-16 23:59:51,736 - DEBUG - https://googlechromelabs.github.io:443 "GET /chrome-for-testing/latest-patch-versions-per-build.json HTTP/1.1" 200 11111
2025-05-16 23:59:51,737 - INFO - There is no [linux64] chromedriver "136.0.7103.94" for browser google-chrome "136.0.7103" in cache
2025-05-16 23:59:51,737 - INFO - Get LATEST chromedriver version for google-chrome
2025-05-16 23:59:51,738 - DEBUG - Starting new HTTPS connection (1): googlechromelabs.github.io:443
2025-05-16 23:59:51,747 - DEBUG - https://googlechromelabs.github.io:443 "GET /chrome-for-testing/latest-patch-versions-per-build.json HTTP/1.1" 200 11111
2025-05-16 23:59:51,749 - DEBUG - Starting new HTTPS connection (1): googlechromelabs.github.io:443
2025-05-16 23:59:51,756 - DEBUG - https://googlechromelabs.github.io:443 "GET /chrome-for-testing/known-good-versions-with-downloads.json HTTP/1.1" 200 91714
2025-05-16 23:59:51,781 - INFO - WebDriver version 136.0.7103.94 selected
2025-05-16 23:59:51,783 - INFO - Modern chrome version https://storage.googleapis.com/chrome-for-testing-public/136.0.7103.94/linux64/chromedriver-linux64.zip
2025-05-16 23:59:51,784 - INFO - About to download new driver from https://storage.googleapis.com/chrome-for-testing-public/136.0.7103.94/linux64/chromedriver-linux64.zip
2025-05-16 23:59:51,785 - DEBUG - Starting new HTTPS connection (1): storage.googleapis.com:443
2025-05-16 23:59:51,806 - DEBUG - https://storage.googleapis.com:443 "GET /chrome-for-testing-public/136.0.7103.94/linux64/chromedriver-linux64.zip HTTP/1.1" 200 9593441
2025-05-16 23:59:51,806 - INFO - Driver downloading response is 200
2025-05-16 23:59:51,860 - INFO - Get LATEST chromedriver version for google-chrome
2025-05-16 23:59:51,861 - DEBUG - Starting new HTTPS connection (1): googlechromelabs.github.io:443
2025-05-16 23:59:51,870 - DEBUG - https://googlechromelabs.github.io:443 "GET /chrome-for-testing/latest-patch-versions-per-build.json HTTP/1.1" 200 11111
2025-05-16 23:59:51,980 - INFO - Driver has been saved in cache [/home/runner/.wdm/drivers/chromedriver/linux64/136.0.7103.94]
2025-05-16 23:59:51,981 - DEBUG - Skipping Selenium Manager; path to chrome driver specified in Service class: /home/runner/.wdm/drivers/chromedriver/linux64/136.0.7103.94/chromedriver-linux64/chromedriver
2025-05-16 23:59:51,984 - DEBUG - Started executable: `/home/runner/.wdm/drivers/chromedriver/linux64/136.0.7103.94/chromedriver-linux64/chromedriver` in a child process with pid: 2594 using 0 to output -3
2025-05-16 23:59:51,995 - DEBUG - POST http://localhost:39509/session {'capabilities': {'firstMatch': [{}], 'alwaysMatch': {'browserName': 'chrome', 'pageLoadStrategy': <PageLoadStrategy.normal: 'normal'>, 'goog:chromeOptions': {'extensions': [], 'args': ['--headless', '--disable-gpu', '--no-sandbox', '--disable-dev-shm-usage']}}}}
2025-05-16 23:59:51,996 - DEBUG - Starting new HTTP connection (1): localhost:39509
2025-05-16 23:59:56,109 - DEBUG - http://localhost:39509 "POST /session HTTP/1.1" 200 0
2025-05-16 23:59:56,109 - DEBUG - Remote response: status=200 | data={"value":{"capabilities":{"acceptInsecureCerts":false,"browserName":"chrome","browserVersion":"136.0.7103.92","chrome":{"chromedriverVersion":"136.0.7103.94 (fa0be0b33debeb378a8e6ad9c599be34e2dc3b37-refs/branch-heads/7103@{#1842})","userDataDir":"/tmp/.org.chromium.Chromium.Fj6lUM"},"fedcm:accounts":true,"goog:chromeOptions":{"debuggerAddress":"localhost:45679"},"networkConnectionEnabled":false,"pageLoadStrategy":"normal","platformName":"linux","proxy":{},"setWindowRect":true,"strictFileInteractability":false,"timeouts":{"implicit":0,"pageLoad":300000,"script":30000},"unhandledPromptBehavior":"dismiss and notify","webauthn:extension:credBlob":true,"webauthn:extension:largeBlob":true,"webauthn:extension:minPinLength":true,"webauthn:extension:prf":true,"webauthn:virtualAuthenticators":true},"sessionId":"bca39d7b33592bef0b583acebb2ee0e0"}} | headers=HTTPHeaderDict({'Content-Length': '848', 'Content-Type': 'application/json; charset=utf-8', 'cache-control': 'no-cache'})
2025-05-16 23:59:56,110 - DEBUG - Finished Request
2025-05-16 23:59:56,110 - DEBUG - Navigating to create.php
2025-05-16 23:59:56,110 - DEBUG - POST http://localhost:39509/session/bca39d7b33592bef0b583acebb2ee0e0/url {'url': 'https://moodtv.xyz/create.php'}
2025-05-16 23:59:59,902 - DEBUG - http://localhost:39509 "POST /session/bca39d7b33592bef0b583acebb2ee0e0/url HTTP/1.1" 200 0
2025-05-16 23:59:59,902 - DEBUG - Remote response: status=200 | data={"value":null} | headers=HTTPHeaderDict({'Content-Length': '14', 'Content-Type': 'application/json; charset=utf-8', 'cache-control': 'no-cache'})
2025-05-16 23:59:59,903 - DEBUG - Finished Request
2025-05-16 23:59:59,903 - DEBUG - Generated username: user_k9MzTzkh, password: 2Kxp8qEW2s51
2025-05-16 23:59:59,903 - DEBUG - Entering credentials
2025-05-16 23:59:59,903 - DEBUG - POST http://localhost:39509/session/bca39d7b33592bef0b583acebb2ee0e0/element {'using': 'css selector', 'value': '[id="username"]'}
2025-05-17 00:00:00,000 - DEBUG - http://localhost:39509 "POST /session/bca39d7b33592bef0b583acebb2ee0e0/element HTTP/1.1" 404 0
2025-05-17 00:00:00,000 - DEBUG - Remote response: status=404 | data={"value":{"error":"no such element","message":"no such element: Unable to locate element: {\"method\":\"css selector\",\"selector\":\"[id=\"username\"]\"}\n  (Session info: chrome=136.0.7103.92)","stacktrace":"#0 0x55800daeb75a \u003Cunknown>\n#1 0x55800d58e0a0 \u003Cunknown>\n#2 0x55800d5df9b0 \u003Cunknown>\n#3 0x55800d5dfba1 \u003Cunknown>\n#4 0x55800d62dea4 \u003Cunknown>\n#5 0x55800d6053cd \u003Cunknown>\n#6 0x55800d62b2a0 \u003Cunknown>\n#7 0x55800d605173 \u003Cunknown>\n#8 0x55800d5d1d4b \u003Cunknown>\n#9 0x55800d5d29b1 \u003Cunknown>\n#10 0x55800dab090b \u003Cunknown>\n#11 0x55800dab480a \u003Cunknown>\n#12 0x55800da98662 \u003Cunknown>\n#13 0x55800dab5394 \u003Cunknown>\n#14 0x55800da7d49f \u003Cunknown>\n#15 0x55800dad9538 \u003Cunknown>\n#16 0x55800dad9716 \u003Cunknown>\n#17 0x55800daea5c6 \u003Cunknown>\n#18 0x7f8c4e29caa4 \u003Cunknown>\n#19 0x7f8c4e329c3c \u003Cunknown>\n"}} | headers=HTTPHeaderDict({'Content-Length': '903', 'Content-Type': 'application/json; charset=utf-8', 'cache-control': 'no-cache'})
2025-05-17 00:00:00,000 - DEBUG - Finished Request
2025-05-17 00:00:00,501 - DEBUG - POST http://localhost:39509/session/bca39d7b33592bef0b583acebb2ee0e0/element {'using': 'css selector', 'value': '[id="username"]'}
2025-05-17 00:00:00,513 - DEBUG - http://localhost:39509 "POST /session/bca39d7b33592bef0b583acebb2ee0e0/element HTTP/1.1" 404 0
2025-05-17 00:00:00,513 - DEBUG - Remote response: status=404 | data={"value":{"error":"no such element","message":"no such element: Unable to locate element: {\"method\":\"css selector\",\"selector\":\"[id=\"username\"]\"}\n  (Session info: chrome=136.0.7103.92)","stacktrace":"#0 0x55800daeb75a \u003Cunknown>\n#1 0x55800d58e0a0 \u003Cunknown>\n#2 0x55800d5df9b0 \u003Cunknown>\n#3 0x55800d5dfba1 \u003Cunknown>\n#4 0x55800d62dea4 \u003Cunknown>\n#5 0x55800d6053cd \u003Cunknown>\n#6 0x55800d62b2a0 \u003Cunknown>\n#7 0x55800d605173 \u003Cunknown>\n#8 0x55800d5d1d4b \u003Cunknown>\n#9 0x55800d5d29b1 \u003Cunknown>\n#10 0x55800dab090b \u003Cunknown>\n#11 0x55800dab480a \u003Cunknown>\n#12 0x55800da98662 \u003Cunknown>\n#13 0x55800dab5394 \u003Cunknown>\n#14 0x55800da7d49f \u003Cunknown>\n#15 0x55800dad9538 \u003Cunknown>\n#16 0x55800dad9716 \u003Cunknown>\n#17 0x55800daea5c6 \u003Cunknown>\n#18 0x7f8c4e29caa4 \u003Cunknown>\n#19 0x7f8c4e329c3c \u003Cunknown>\n"}} | headers=HTTPHeaderDict({'Content-Length': '903', 'Content-Type': 'application/json; charset=utf-8', 'cache-control': 'no-cache'})
2025-05-17 00:00:00,513 - DEBUG - Finished Request
2025-05-17 00:00:01,014 - DEBUG - POST http://localhost:39509/session/bca39d7b33592bef0b583acebb2ee0e0/element {'using': 'css selector', 'value': '[id="username"]'}
2025-05-17 00:00:01,025 - DEBUG - http://localhost:39509 "POST /session/bca39d7b33592bef0b583acebb2ee0e0/element HTTP/1.1" 404 0
2025-05-17 00:00:01,025 - DEBUG - Remote response: status=404 | data={"value":{"error":"no such element","message":"no such element: Unable to locate element: {\"method\":\"css selector\",\"selector\":\"[id=\"username\"]\"}\n  (Session info: chrome=136.0.7103.92)","stacktrace":"#0 0x55800daeb75a \u003Cunknown>\n#1 0x55800d58e0a0 \u003Cunknown>\n#2 0x55800d5df9b0 \u003Cunknown>\n#3 0x55800d5dfba1 \u003Cunknown>\n#4 0x55800d62dea4 \u003Cunknown>\n#5 0x55800d6053cd \u003Cunknown>\n#6 0x55800d62b2a0 \u003Cunknown>\n#7 0x55800d605173 \u003Cunknown>\n#8 0x55800d5d1d4b \u003Cunknown>\n#9 0x55800d5d29b1 \u003Cunknown>\n#10 0x55800dab090b \u003Cunknown>\n#11 0x55800dab480a \u003Cunknown>\n#12 0x55800da98662 \u003Cunknown>\n#13 0x55800dab5394 \u003Cunknown>\n#14 0x55800da7d49f \u003Cunknown>\n#15 0x55800dad9538 \u003Cunknown>\n#16 0x55800dad9716 \u003Cunknown>\n#17 0x55800daea5c6 \u003Cunknown>\n#18 0x7f8c4e29caa4 \u003Cunknown>\n#19 0x7f8c4e329c3c \u003Cunknown>\n"}} | headers=HTTPHeaderDict({'Content-Length': '903', 'Content-Type': 'application/json; charset=utf-8', 'cache-control': 'no-cache'})
2025-05-17 00:00:01,025 - DEBUG - Finished Request
2025-05-17 00:00:01,526 - DEBUG - POST http://localhost:39509/session/bca39d7b33592bef0b583acebb2ee0e0/element {'using': 'css selector', 'value': '[id="username"]'}
2025-05-17 00:00:01,537 - DEBUG - http://localhost:39509 "POST /session/bca39d7b33592bef0b583acebb2ee0e0/element HTTP/1.1" 404 0
2025-05-17 00:00:01,537 - DEBUG - Remote response: status=404 | data={"value":{"error":"no such element","message":"no such element: Unable to locate element: {\"method\":\"css selector\",\"selector\":\"[id=\"username\"]\"}\n  (Session info: chrome=136.0.7103.92)","stacktrace":"#0 0x55800daeb75a \u003Cunknown>\n#1 0x55800d58e0a0 \u003Cunknown>\n#2 0x55800d5df9b0 \u003Cunknown>\n#3 0x55800d5dfba1 \u003Cunknown>\n#4 0x55800d62dea4 \u003Cunknown>\n#5 0x55800d6053cd \u003Cunknown>\n#6 0x55800d62b2a0 \u003Cunknown>\n#7 0x55800d605173 \u003Cunknown>\n#8 0x55800d5d1d4b \u003Cunknown>\n#9 0x55800d5d29b1 \u003Cunknown>\n#10 0x55800dab090b \u003Cunknown>\n#11 0x55800dab480a \u003Cunknown>\n#12 0x55800da98662 \u003Cunknown>\n#13 0x55800dab5394 \u003Cunknown>\n#14 0x55800da7d49f \u003Cunknown>\n#15 0x55800dad9538 \u003Cunknown>\n#16 0x55800dad9716 \u003Cunknown>\n#17 0x55800daea5c6 \u003Cunknown>\n#18 0x7f8c4e29caa4 \u003Cunknown>\n#19 0x7f8c4e329c3c \u003Cunknown>\n"}} | headers=HTTPHeaderDict({'Content-Length': '903', 'Content-Type': 'application/json; charset=utf-8', 'cache-control': 'no-cache'})
2025-05-17 00:00:01,537 - DEBUG - Finished Request
2025-05-17 00:00:02,038 - DEBUG - POST http://localhost:39509/session/bca39d7b33592bef0b583acebb2ee0e0/element {'using': 'css selector', 'value': '[id="username"]'}
2025-05-17 00:00:02,049 - DEBUG - http://localhost:39509 "POST /session/bca39d7b33592bef0b583acebb2ee0e0/element HTTP/1.1" 404 0
2025-05-17 00:00:02,049 - DEBUG - Remote response: status=404 | data={"value":{"error":"no such element","message":"no such element: Unable to locate element: {\"method\":\"css selector\",\"selector\":\"[id=\"username\"]\"}\n  (Session info: chrome=136.0.7103.92)","stacktrace":"#0 0x55800daeb75a \u003Cunknown>\n#1 0x55800d58e0a0 \u003Cunknown>\n#2 0x55800d5df9b0 \u003Cunknown>\n#3 0x55800d5dfba1 \u003Cunknown>\n#4 0x55800d62dea4 \u003Cunknown>\n#5 0x55800d6053cd \u003Cunknown>\n#6 0x55800d62b2a0 \u003Cunknown>\n#7 0x55800d605173 \u003Cunknown>\n#8 0x55800d5d1d4b \u003Cunknown>\n#9 0x55800d5d29b1 \u003Cunknown>\n#10 0x55800dab090b \u003Cunknown>\n#11 0x55800dab480a \u003Cunknown>\n#12 0x55800da98662 \u003Cunknown>\n#13 0x55800dab5394 \u003Cunknown>\n#14 0x55800da7d49f \u003Cunknown>\n#15 0x55800dad9538 \u003Cunknown>\n#16 0x55800dad9716 \u003Cunknown>\n#17 0x55800daea5c6 \u003Cunknown>\n#18 0x7f8c4e29caa4 \u003Cunknown>\n#19 0x7f8c4e329c3c \u003Cunknown>\n"}} | headers=HTTPHeaderDict({'Content-Length': '903', 'Content-Type': 'application/json; charset=utf-8', 'cache-control': 'no-cache'})
2025-05-17 00:00:02,050 - DEBUG - Finished Request
2025-05-17 00:00:02,550 - DEBUG - POST http://localhost:39509/session/bca39d7b33592bef0b583acebb2ee0e0/element {'using': 'css selector', 'value': '[id="username"]'}
2025-05-17 00:00:02,563 - DEBUG - http://localhost:39509 "POST /session/bca39d7b33592bef0b583acebb2ee0e0/element HTTP/1.1" 404 0
2025-05-17 00:00:02,563 - DEBUG - Remote response: status=404 | data={"value":{"error":"no such element","message":"no such element: Unable to locate element: {\"method\":\"css selector\",\"selector\":\"[id=\"username\"]\"}\n  (Session info: chrome=136.0.7103.92)","stacktrace":"#0 0x55800daeb75a \u003Cunknown>\n#1 0x55800d58e0a0 \u003Cunknown>\n#2 0x55800d5df9b0 \u003Cunknown>\n#3 0x55800d5dfba1 \u003Cunknown>\n#4 0x55800d62dea4 \u003Cunknown>\n#5 0x55800d6053cd \u003Cunknown>\n#6 0x55800d62b2a0 \u003Cunknown>\n#7 0x55800d605173 \u003Cunknown>\n#8 0x55800d5d1d4b \u003Cunknown>\n#9 0x55800d5d29b1 \u003Cunknown>\n#10 0x55800dab090b \u003Cunknown>\n#11 0x55800dab480a \u003Cunknown>\n#12 0x55800da98662 \u003Cunknown>\n#13 0x55800dab5394 \u003Cunknown>\n#14 0x55800da7d49f \u003Cunknown>\n#15 0x55800dad9538 \u003Cunknown>\n#16 0x55800dad9716 \u003Cunknown>\n#17 0x55800daea5c6 \u003Cunknown>\n#18 0x7f8c4e29caa4 \u003Cunknown>\n#19 0x7f8c4e329c3c \u003Cunknown>\n"}} | headers=HTTPHeaderDict({'Content-Length': '903', 'Content-Type': 'application/json; charset=utf-8', 'cache-control': 'no-cache'})
2025-05-17 00:00:02,563 - DEBUG - Finished Request
2025-05-17 00:00:03,064 - DEBUG - POST http://localhost:39509/session/bca39d7b33592bef0b583acebb2ee0e0/element {'using': 'css selector', 'value': '[id="username"]'}
2025-05-17 00:00:03,075 - DEBUG - http://localhost:39509 "POST /session/bca39d7b33592bef0b583acebb2ee0e0/element HTTP/1.1" 404 0
2025-05-17 00:00:03,075 - DEBUG - Remote response: status=404 | data={"value":{"error":"no such element","message":"no such element: Unable to locate element: {\"method\":\"css selector\",\"selector\":\"[id=\"username\"]\"}\n  (Session info: chrome=136.0.7103.92)","stacktrace":"#0 0x55800daeb75a \u003Cunknown>\n#1 0x55800d58e0a0 \u003Cunknown>\n#2 0x55800d5df9b0 \u003Cunknown>\n#3 0x55800d5dfba1 \u003Cunknown>\n#4 0x55800d62dea4 \u003Cunknown>\n#5 0x55800d6053cd \u003Cunknown>\n#6 0x55800d62b2a0 \u003Cunknown>\n#7 0x55800d605173 \u003Cunknown>\n#8 0x55800d5d1d4b \u003Cunknown>\n#9 0x55800d5d29b1 \u003Cunknown>\n#10 0x55800dab090b \u003Cunknown>\n#11 0x55800dab480a \u003Cunknown>\n#12 0x55800da98662 \u003Cunknown>\n#13 0x55800dab5394 \u003Cunknown>\n#14 0x55800da7d49f \u003Cunknown>\n#15 0x55800dad9538 \u003Cunknown>\n#16 0x55800dad9716 \u003Cunknown>\n#17 0x55800daea5c6 \u003Cunknown>\n#18 0x7f8c4e29caa4 \u003Cunknown>\n#19 0x7f8c4e329c3c \u003Cunknown>\n"}} | headers=HTTPHeaderDict({'Content-Length': '903', 'Content-Type': 'application/json; charset=utf-8', 'cache-control': 'no-cache'})
2025-05-17 00:00:03,075 - DEBUG - Finished Request
2025-05-17 00:00:03,576 - DEBUG - POST http://localhost:39509/session/bca39d7b33592bef0b583acebb2ee0e0/element {'using': 'css selector', 'value': '[id="username"]'}
2025-05-17 00:00:03,587 - DEBUG - http://localhost:39509 "POST /session/bca39d7b33592bef0b583acebb2ee0e0/element HTTP/1.1" 404 0
2025-05-17 00:00:03,587 - DEBUG - Remote response: status=404 | data={"value":{"error":"no such element","message":"no such element: Unable to locate element: {\"method\":\"css selector\",\"selector\":\"[id=\"username\"]\"}\n  (Session info: chrome=136.0.7103.92)","stacktrace":"#0 0x55800daeb75a \u003Cunknown>\n#1 0x55800d58e0a0 \u003Cunknown>\n#2 0x55800d5df9b0 \u003Cunknown>\n#3 0x55800d5dfba1 \u003Cunknown>\n#4 0x55800d62dea4 \u003Cunknown>\n#5 0x55800d6053cd \u003Cunknown>\n#6 0x55800d62b2a0 \u003Cunknown>\n#7 0x55800d605173 \u003Cunknown>\n#8 0x55800d5d1d4b \u003Cunknown>\n#9 0x55800d5d29b1 \u003Cunknown>\n#10 0x55800dab090b \u003Cunknown>\n#11 0x55800dab480a \u003Cunknown>\n#12 0x55800da98662 \u003Cunknown>\n#13 0x55800dab5394 \u003Cunknown>\n#14 0x55800da7d49f \u003Cunknown>\n#15 0x55800dad9538 \u003Cunknown>\n#16 0x55800dad9716 \u003Cunknown>\n#17 0x55800daea5c6 \u003Cunknown>\n#18 0x7f8c4e29caa4 \u003Cunknown>\n#19 0x7f8c4e329c3c \u003Cunknown>\n"}} | headers=HTTPHeaderDict({'Content-Length': '903', 'Content-Type': 'application/json; charset=utf-8', 'cache-control': 'no-cache'})
2025-05-17 00:00:03,587 - DEBUG - Finished Request
2025-05-17 00:00:04,088 - DEBUG - POST http://localhost:39509/session/bca39d7b33592bef0b583acebb2ee0e0/element {'using': 'css selector', 'value': '[id="username"]'}
2025-05-17 00:00:04,098 - DEBUG - http://localhost:39509 "POST /session/bca39d7b33592bef0b583acebb2ee0e0/element HTTP/1.1" 404 0
2025-05-17 00:00:04,098 - DEBUG - Remote response: status=404 | data={"value":{"error":"no such element","message":"no such element: Unable to locate element: {\"method\":\"css selector\",\"selector\":\"[id=\"username\"]\"}\n  (Session info: chrome=136.0.7103.92)","stacktrace":"#0 0x55800daeb75a \u003Cunknown>\n#1 0x55800d58e0a0 \u003Cunknown>\n#2 0x55800d5df9b0 \u003Cunknown>\n#3 0x55800d5dfba1 \u003Cunknown>\n#4 0x55800d62dea4 \u003Cunknown>\n#5 0x55800d6053cd \u003Cunknown>\n#6 0x55800d62b2a0 \u003Cunknown>\n#7 0x55800d605173 \u003Cunknown>\n#8 0x55800d5d1d4b \u003Cunknown>\n#9 0x55800d5d29b1 \u003Cunknown>\n#10 0x55800dab090b \u003Cunknown>\n#11 0x55800dab480a \u003Cunknown>\n#12 0x55800da98662 \u003Cunknown>\n#13 0x55800dab5394 \u003Cunknown>\n#14 0x55800da7d49f \u003Cunknown>\n#15 0x55800dad9538 \u003Cunknown>\n#16 0x55800dad9716 \u003Cunknown>\n#17 0x55800daea5c6 \u003Cunknown>\n#18 0x7f8c4e29caa4 \u003Cunknown>\n#19 0x7f8c4e329c3c \u003Cunknown>\n"}} | headers=HTTPHeaderDict({'Content-Length': '903', 'Content-Type': 'application/json; charset=utf-8', 'cache-control': 'no-cache'})
2025-05-17 00:00:04,099 - DEBUG - Finished Request
2025-05-17 00:00:04,599 - DEBUG - POST http://localhost:39509/session/bca39d7b33592bef0b583acebb2ee0e0/element {'using': 'css selector', 'value': '[id="username"]'}
2025-05-17 00:00:04,610 - DEBUG - http://localhost:39509 "POST /session/bca39d7b33592bef0b583acebb2ee0e0/element HTTP/1.1" 404 0
2025-05-17 00:00:04,610 - DEBUG - Remote response: status=404 | data={"value":{"error":"no such element","message":"no such element: Unable to locate element: {\"method\":\"css selector\",\"selector\":\"[id=\"username\"]\"}\n  (Session info: chrome=136.0.7103.92)","stacktrace":"#0 0x55800daeb75a \u003Cunknown>\n#1 0x55800d58e0a0 \u003Cunknown>\n#2 0x55800d5df9b0 \u003Cunknown>\n#3 0x55800d5dfba1 \u003Cunknown>\n#4 0x55800d62dea4 \u003Cunknown>\n#5 0x55800d6053cd \u003Cunknown>\n#6 0x55800d62b2a0 \u003Cunknown>\n#7 0x55800d605173 \u003Cunknown>\n#8 0x55800d5d1d4b \u003Cunknown>\n#9 0x55800d5d29b1 \u003Cunknown>\n#10 0x55800dab090b \u003Cunknown>\n#11 0x55800dab480a \u003Cunknown>\n#12 0x55800da98662 \u003Cunknown>\n#13 0x55800dab5394 \u003Cunknown>\n#14 0x55800da7d49f \u003Cunknown>\n#15 0x55800dad9538 \u003Cunknown>\n#16 0x55800dad9716 \u003Cunknown>\n#17 0x55800daea5c6 \u003Cunknown>\n#18 0x7f8c4e29caa4 \u003Cunknown>\n#19 0x7f8c4e329c3c \u003Cunknown>\n"}} | headers=HTTPHeaderDict({'Content-Length': '903', 'Content-Type': 'application/json; charset=utf-8', 'cache-control': 'no-cache'})
2025-05-17 00:00:04,610 - DEBUG - Finished Request
2025-05-17 00:00:05,111 - DEBUG - POST http://localhost:39509/session/bca39d7b33592bef0b583acebb2ee0e0/element {'using': 'css selector', 'value': '[id="username"]'}
2025-05-17 00:00:05,122 - DEBUG - http://localhost:39509 "POST /session/bca39d7b33592bef0b583acebb2ee0e0/element HTTP/1.1" 404 0
2025-05-17 00:00:05,122 - DEBUG - Remote response: status=404 | data={"value":{"error":"no such element","message":"no such element: Unable to locate element: {\"method\":\"css selector\",\"selector\":\"[id=\"username\"]\"}\n  (Session info: chrome=136.0.7103.92)","stacktrace":"#0 0x55800daeb75a \u003Cunknown>\n#1 0x55800d58e0a0 \u003Cunknown>\n#2 0x55800d5df9b0 \u003Cunknown>\n#3 0x55800d5dfba1 \u003Cunknown>\n#4 0x55800d62dea4 \u003Cunknown>\n#5 0x55800d6053cd \u003Cunknown>\n#6 0x55800d62b2a0 \u003Cunknown>\n#7 0x55800d605173 \u003Cunknown>\n#8 0x55800d5d1d4b \u003Cunknown>\n#9 0x55800d5d29b1 \u003Cunknown>\n#10 0x55800dab090b \u003Cunknown>\n#11 0x55800dab480a \u003Cunknown>\n#12 0x55800da98662 \u003Cunknown>\n#13 0x55800dab5394 \u003Cunknown>\n#14 0x55800da7d49f \u003Cunknown>\n#15 0x55800dad9538 \u003Cunknown>\n#16 0x55800dad9716 \u003Cunknown>\n#17 0x55800daea5c6 \u003Cunknown>\n#18 0x7f8c4e29caa4 \u003Cunknown>\n#19 0x7f8c4e329c3c \u003Cunknown>\n"}} | headers=HTTPHeaderDict({'Content-Length': '903', 'Content-Type': 'application/json; charset=utf-8', 'cache-control': 'no-cache'})
2025-05-17 00:00:05,122 - DEBUG - Finished Request
2025-05-17 00:00:05,622 - DEBUG - POST http://localhost:39509/session/bca39d7b33592bef0b583acebb2ee0e0/element {'using': 'css selector', 'value': '[id="username"]'}
2025-05-17 00:00:05,635 - DEBUG - http://localhost:39509 "POST /session/bca39d7b33592bef0b583acebb2ee0e0/element HTTP/1.1" 404 0
2025-05-17 00:00:05,636 - DEBUG - Remote response: status=404 | data={"value":{"error":"no such element","message":"no such element: Unable to locate element: {\"method\":\"css selector\",\"selector\":\"[id=\"username\"]\"}\n  (Session info: chrome=136.0.7103.92)","stacktrace":"#0 0x55800daeb75a \u003Cunknown>\n#1 0x55800d58e0a0 \u003Cunknown>\n#2 0x55800d5df9b0 \u003Cunknown>\n#3 0x55800d5dfba1 \u003Cunknown>\n#4 0x55800d62dea4 \u003Cunknown>\n#5 0x55800d6053cd \u003Cunknown>\n#6 0x55800d62b2a0 \u003Cunknown>\n#7 0x55800d605173 \u003Cunknown>\n#8 0x55800d5d1d4b \u003Cunknown>\n#9 0x55800d5d29b1 \u003Cunknown>\n#10 0x55800dab090b \u003Cunknown>\n#11 0x55800dab480a \u003Cunknown>\n#12 0x55800da98662 \u003Cunknown>\n#13 0x55800dab5394 \u003Cunknown>\n#14 0x55800da7d49f \u003Cunknown>\n#15 0x55800dad9538 \u003Cunknown>\n#16 0x55800dad9716 \u003Cunknown>\n#17 0x55800daea5c6 \u003Cunknown>\n#18 0x7f8c4e29caa4 \u003Cunknown>\n#19 0x7f8c4e329c3c \u003Cunknown>\n"}} | headers=HTTPHeaderDict({'Content-Length': '903', 'Content-Type': 'application/json; charset=utf-8', 'cache-control': 'no-cache'})
2025-05-17 00:00:05,636 - DEBUG - Finished Request
2025-05-17 00:00:06,136 - DEBUG - POST http://localhost:39509/session/bca39d7b33592bef0b583acebb2ee0e0/element {'using': 'css selector', 'value': '[id="username"]'}
2025-05-17 00:00:06,148 - DEBUG - http://localhost:39509 "POST /session/bca39d7b33592bef0b583acebb2ee0e0/element HTTP/1.1" 404 0
2025-05-17 00:00:06,148 - DEBUG - Remote response: status=404 | data={"value":{"error":"no such element","message":"no such element: Unable to locate element: {\"method\":\"css selector\",\"selector\":\"[id=\"username\"]\"}\n  (Session info: chrome=136.0.7103.92)","stacktrace":"#0 0x55800daeb75a \u003Cunknown>\n#1 0x55800d58e0a0 \u003Cunknown>\n#2 0x55800d5df9b0 \u003Cunknown>\n#3 0x55800d5dfba1 \u003Cunknown>\n#4 0x55800d62dea4 \u003Cunknown>\n#5 0x55800d6053cd \u003Cunknown>\n#6 0x55800d62b2a0 \u003Cunknown>\n#7 0x55800d605173 \u003Cunknown>\n#8 0x55800d5d1d4b \u003Cunknown>\n#9 0x55800d5d29b1 \u003Cunknown>\n#10 0x55800dab090b \u003Cunknown>\n#11 0x55800dab480a \u003Cunknown>\n#12 0x55800da98662 \u003Cunknown>\n#13 0x55800dab5394 \u003Cunknown>\n#14 0x55800da7d49f \u003Cunknown>\n#15 0x55800dad9538 \u003Cunknown>\n#16 0x55800dad9716 \u003Cunknown>\n#17 0x55800daea5c6 \u003Cunknown>\n#18 0x7f8c4e29caa4 \u003Cunknown>\n#19 0x7f8c4e329c3c \u003Cunknown>\n"}} | headers=HTTPHeaderDict({'Content-Length': '903', 'Content-Type': 'application/json; charset=utf-8', 'cache-control': 'no-cache'})
2025-05-17 00:00:06,148 - DEBUG - Finished Request
2025-05-17 00:00:06,648 - DEBUG - POST http://localhost:39509/session/bca39d7b33592bef0b583acebb2ee0e0/element {'using': 'css selector', 'value': '[id="username"]'}
2025-05-17 00:00:06,660 - DEBUG - http://localhost:39509 "POST /session/bca39d7b33592bef0b583acebb2ee0e0/element HTTP/1.1" 404 0
2025-05-17 00:00:06,660 - DEBUG - Remote response: status=404 | data={"value":{"error":"no such element","message":"no such element: Unable to locate element: {\"method\":\"css selector\",\"selector\":\"[id=\"username\"]\"}\n  (Session info: chrome=136.0.7103.92)","stacktrace":"#0 0x55800daeb75a \u003Cunknown>\n#1 0x55800d58e0a0 \u003Cunknown>\n#2 0x55800d5df9b0 \u003Cunknown>\n#3 0x55800d5dfba1 \u003Cunknown>\n#4 0x55800d62dea4 \u003Cunknown>\n#5 0x55800d6053cd \u003Cunknown>\n#6 0x55800d62b2a0 \u003Cunknown>\n#7 0x55800d605173 \u003Cunknown>\n#8 0x55800d5d1d4b \u003Cunknown>\n#9 0x55800d5d29b1 \u003Cunknown>\n#10 0x55800dab090b \u003Cunknown>\n#11 0x55800dab480a \u003Cunknown>\n#12 0x55800da98662 \u003Cunknown>\n#13 0x55800dab5394 \u003Cunknown>\n#14 0x55800da7d49f \u003Cunknown>\n#15 0x55800dad9538 \u003Cunknown>\n#16 0x55800dad9716 \u003Cunknown>\n#17 0x55800daea5c6 \u003Cunknown>\n#18 0x7f8c4e29caa4 \u003Cunknown>\n#19 0x7f8c4e329c3c \u003Cunknown>\n"}} | headers=HTTPHeaderDict({'Content-Length': '903', 'Content-Type': 'application/json; charset=utf-8', 'cache-control': 'no-cache'})
2025-05-17 00:00:06,660 - DEBUG - Finished Request
2025-05-17 00:00:07,161 - DEBUG - POST http://localhost:39509/session/bca39d7b33592bef0b583acebb2ee0e0/element {'using': 'css selector', 'value': '[id="username"]'}
2025-05-17 00:00:07,172 - DEBUG - http://localhost:39509 "POST /session/bca39d7b33592bef0b583acebb2ee0e0/element HTTP/1.1" 404 0
2025-05-17 00:00:07,172 - DEBUG - Remote response: status=404 | data={"value":{"error":"no such element","message":"no such element: Unable to locate element: {\"method\":\"css selector\",\"selector\":\"[id=\"username\"]\"}\n  (Session info: chrome=136.0.7103.92)","stacktrace":"#0 0x55800daeb75a \u003Cunknown>\n#1 0x55800d58e0a0 \u003Cunknown>\n#2 0x55800d5df9b0 \u003Cunknown>\n#3 0x55800d5dfba1 \u003Cunknown>\n#4 0x55800d62dea4 \u003Cunknown>\n#5 0x55800d6053cd \u003Cunknown>\n#6 0x55800d62b2a0 \u003Cunknown>\n#7 0x55800d605173 \u003Cunknown>\n#8 0x55800d5d1d4b \u003Cunknown>\n#9 0x55800d5d29b1 \u003Cunknown>\n#10 0x55800dab090b \u003Cunknown>\n#11 0x55800dab480a \u003Cunknown>\n#12 0x55800da98662 \u003Cunknown>\n#13 0x55800dab5394 \u003Cunknown>\n#14 0x55800da7d49f \u003Cunknown>\n#15 0x55800dad9538 \u003Cunknown>\n#16 0x55800dad9716 \u003Cunknown>\n#17 0x55800daea5c6 \u003Cunknown>\n#18 0x7f8c4e29caa4 \u003Cunknown>\n#19 0x7f8c4e329c3c \u003Cunknown>\n"}} | headers=HTTPHeaderDict({'Content-Length': '903', 'Content-Type': 'application/json; charset=utf-8', 'cache-control': 'no-cache'})
2025-05-17 00:00:07,172 - DEBUG - Finished Request
2025-05-17 00:00:07,673 - DEBUG - POST http://localhost:39509/session/bca39d7b33592bef0b583acebb2ee0e0/element {'using': 'css selector', 'value': '[id="username"]'}
2025-05-17 00:00:07,683 - DEBUG - http://localhost:39509 "POST /session/bca39d7b33592bef0b583acebb2ee0e0/element HTTP/1.1" 404 0
2025-05-17 00:00:07,683 - DEBUG - Remote response: status=404 | data={"value":{"error":"no such element","message":"no such element: Unable to locate element: {\"method\":\"css selector\",\"selector\":\"[id=\"username\"]\"}\n  (Session info: chrome=136.0.7103.92)","stacktrace":"#0 0x55800daeb75a \u003Cunknown>\n#1 0x55800d58e0a0 \u003Cunknown>\n#2 0x55800d5df9b0 \u003Cunknown>\n#3 0x55800d5dfba1 \u003Cunknown>\n#4 0x55800d62dea4 \u003Cunknown>\n#5 0x55800d6053cd \u003Cunknown>\n#6 0x55800d62b2a0 \u003Cunknown>\n#7 0x55800d605173 \u003Cunknown>\n#8 0x55800d5d1d4b \u003Cunknown>\n#9 0x55800d5d29b1 \u003Cunknown>\n#10 0x55800dab090b \u003Cunknown>\n#11 0x55800dab480a \u003Cunknown>\n#12 0x55800da98662 \u003Cunknown>\n#13 0x55800dab5394 \u003Cunknown>\n#14 0x55800da7d49f \u003Cunknown>\n#15 0x55800dad9538 \u003Cunknown>\n#16 0x55800dad9716 \u003Cunknown>\n#17 0x55800daea5c6 \u003Cunknown>\n#18 0x7f8c4e29caa4 \u003Cunknown>\n#19 0x7f8c4e329c3c \u003Cunknown>\n"}} | headers=HTTPHeaderDict({'Content-Length': '903', 'Content-Type': 'application/json; charset=utf-8', 'cache-control': 'no-cache'})
2025-05-17 00:00:07,683 - DEBUG - Finished Request
2025-05-17 00:00:08,184 - DEBUG - POST http://localhost:39509/session/bca39d7b33592bef0b583acebb2ee0e0/element {'using': 'css selector', 'value': '[id="username"]'}
2025-05-17 00:00:08,195 - DEBUG - http://localhost:39509 "POST /session/bca39d7b33592bef0b583acebb2ee0e0/element HTTP/1.1" 404 0
2025-05-17 00:00:08,196 - DEBUG - Remote response: status=404 | data={"value":{"error":"no such element","message":"no such element: Unable to locate element: {\"method\":\"css selector\",\"selector\":\"[id=\"username\"]\"}\n  (Session info: chrome=136.0.7103.92)","stacktrace":"#0 0x55800daeb75a \u003Cunknown>\n#1 0x55800d58e0a0 \u003Cunknown>\n#2 0x55800d5df9b0 \u003Cunknown>\n#3 0x55800d5dfba1 \u003Cunknown>\n#4 0x55800d62dea4 \u003Cunknown>\n#5 0x55800d6053cd \u003Cunknown>\n#6 0x55800d62b2a0 \u003Cunknown>\n#7 0x55800d605173 \u003Cunknown>\n#8 0x55800d5d1d4b \u003Cunknown>\n#9 0x55800d5d29b1 \u003Cunknown>\n#10 0x55800dab090b \u003Cunknown>\n#11 0x55800dab480a \u003Cunknown>\n#12 0x55800da98662 \u003Cunknown>\n#13 0x55800dab5394 \u003Cunknown>\n#14 0x55800da7d49f \u003Cunknown>\n#15 0x55800dad9538 \u003Cunknown>\n#16 0x55800dad9716 \u003Cunknown>\n#17 0x55800daea5c6 \u003Cunknown>\n#18 0x7f8c4e29caa4 \u003Cunknown>\n#19 0x7f8c4e329c3c \u003Cunknown>\n"}} | headers=HTTPHeaderDict({'Content-Length': '903', 'Content-Type': 'application/json; charset=utf-8', 'cache-control': 'no-cache'})
2025-05-17 00:00:08,196 - DEBUG - Finished Request
2025-05-17 00:00:08,696 - DEBUG - POST http://localhost:39509/session/bca39d7b33592bef0b583acebb2ee0e0/element {'using': 'css selector', 'value': '[id="username"]'}
2025-05-17 00:00:08,707 - DEBUG - http://localhost:39509 "POST /session/bca39d7b33592bef0b583acebb2ee0e0/element HTTP/1.1" 404 0
2025-05-17 00:00:08,707 - DEBUG - Remote response: status=404 | data={"value":{"error":"no such element","message":"no such element: Unable to locate element: {\"method\":\"css selector\",\"selector\":\"[id=\"username\"]\"}\n  (Session info: chrome=136.0.7103.92)","stacktrace":"#0 0x55800daeb75a \u003Cunknown>\n#1 0x55800d58e0a0 \u003Cunknown>\n#2 0x55800d5df9b0 \u003Cunknown>\n#3 0x55800d5dfba1 \u003Cunknown>\n#4 0x55800d62dea4 \u003Cunknown>\n#5 0x55800d6053cd \u003Cunknown>\n#6 0x55800d62b2a0 \u003Cunknown>\n#7 0x55800d605173 \u003Cunknown>\n#8 0x55800d5d1d4b \u003Cunknown>\n#9 0x55800d5d29b1 \u003Cunknown>\n#10 0x55800dab090b \u003Cunknown>\n#11 0x55800dab480a \u003Cunknown>\n#12 0x55800da98662 \u003Cunknown>\n#13 0x55800dab5394 \u003Cunknown>\n#14 0x55800da7d49f \u003Cunknown>\n#15 0x55800dad9538 \u003Cunknown>\n#16 0x55800dad9716 \u003Cunknown>\n#17 0x55800daea5c6 \u003Cunknown>\n#18 0x7f8c4e29caa4 \u003Cunknown>\n#19 0x7f8c4e329c3c \u003Cunknown>\n"}} | headers=HTTPHeaderDict({'Content-Length': '903', 'Content-Type': 'application/json; charset=utf-8', 'cache-control': 'no-cache'})
2025-05-17 00:00:08,707 - DEBUG - Finished Request
2025-05-17 00:00:09,208 - DEBUG - POST http://localhost:39509/session/bca39d7b33592bef0b583acebb2ee0e0/element {'using': 'css selector', 'value': '[id="username"]'}
2025-05-17 00:00:09,219 - DEBUG - http://localhost:39509 "POST /session/bca39d7b33592bef0b583acebb2ee0e0/element HTTP/1.1" 404 0
2025-05-17 00:00:09,219 - DEBUG - Remote response: status=404 | data={"value":{"error":"no such element","message":"no such element: Unable to locate element: {\"method\":\"css selector\",\"selector\":\"[id=\"username\"]\"}\n  (Session info: chrome=136.0.7103.92)","stacktrace":"#0 0x55800daeb75a \u003Cunknown>\n#1 0x55800d58e0a0 \u003Cunknown>\n#2 0x55800d5df9b0 \u003Cunknown>\n#3 0x55800d5dfba1 \u003Cunknown>\n#4 0x55800d62dea4 \u003Cunknown>\n#5 0x55800d6053cd \u003Cunknown>\n#6 0x55800d62b2a0 \u003Cunknown>\n#7 0x55800d605173 \u003Cunknown>\n#8 0x55800d5d1d4b \u003Cunknown>\n#9 0x55800d5d29b1 \u003Cunknown>\n#10 0x55800dab090b \u003Cunknown>\n#11 0x55800dab480a \u003Cunknown>\n#12 0x55800da98662 \u003Cunknown>\n#13 0x55800dab5394 \u003Cunknown>\n#14 0x55800da7d49f \u003Cunknown>\n#15 0x55800dad9538 \u003Cunknown>\n#16 0x55800dad9716 \u003Cunknown>\n#17 0x55800daea5c6 \u003Cunknown>\n#18 0x7f8c4e29caa4 \u003Cunknown>\n#19 0x7f8c4e329c3c \u003Cunknown>\n"}} | headers=HTTPHeaderDict({'Content-Length': '903', 'Content-Type': 'application/json; charset=utf-8', 'cache-control': 'no-cache'})
2025-05-17 00:00:09,219 - DEBUG - Finished Request
2025-05-17 00:00:09,720 - DEBUG - POST http://localhost:39509/session/bca39d7b33592bef0b583acebb2ee0e0/element {'using': 'css selector', 'value': '[id="username"]'}
2025-05-17 00:00:09,731 - DEBUG - http://localhost:39509 "POST /session/bca39d7b33592bef0b583acebb2ee0e0/element HTTP/1.1" 404 0
2025-05-17 00:00:09,731 - DEBUG - Remote response: status=404 | data={"value":{"error":"no such element","message":"no such element: Unable to locate element: {\"method\":\"css selector\",\"selector\":\"[id=\"username\"]\"}\n  (Session info: chrome=136.0.7103.92)","stacktrace":"#0 0x55800daeb75a \u003Cunknown>\n#1 0x55800d58e0a0 \u003Cunknown>\n#2 0x55800d5df9b0 \u003Cunknown>\n#3 0x55800d5dfba1 \u003Cunknown>\n#4 0x55800d62dea4 \u003Cunknown>\n#5 0x55800d6053cd \u003Cunknown>\n#6 0x55800d62b2a0 \u003Cunknown>\n#7 0x55800d605173 \u003Cunknown>\n#8 0x55800d5d1d4b \u003Cunknown>\n#9 0x55800d5d29b1 \u003Cunknown>\n#10 0x55800dab090b \u003Cunknown>\n#11 0x55800dab480a \u003Cunknown>\n#12 0x55800da98662 \u003Cunknown>\n#13 0x55800dab5394 \u003Cunknown>\n#14 0x55800da7d49f \u003Cunknown>\n#15 0x55800dad9538 \u003Cunknown>\n#16 0x55800dad9716 \u003Cunknown>\n#17 0x55800daea5c6 \u003Cunknown>\n#18 0x7f8c4e29caa4 \u003Cunknown>\n#19 0x7f8c4e329c3c \u003Cunknown>\n"}} | headers=HTTPHeaderDict({'Content-Length': '903', 'Content-Type': 'application/json; charset=utf-8', 'cache-control': 'no-cache'})
2025-05-17 00:00:09,731 - DEBUG - Finished Request
2025-05-17 00:00:10,231 - DEBUG - POST http://localhost:39509/session/bca39d7b33592bef0b583acebb2ee0e0/element {'using': 'css selector', 'value': '[id="username"]'}
2025-05-17 00:00:10,242 - DEBUG - http://localhost:39509 "POST /session/bca39d7b33592bef0b583acebb2ee0e0/element HTTP/1.1" 404 0
2025-05-17 00:00:10,242 - DEBUG - Remote response: status=404 | data={"value":{"error":"no such element","message":"no such element: Unable to locate element: {\"method\":\"css selector\",\"selector\":\"[id=\"username\"]\"}\n  (Session info: chrome=136.0.7103.92)","stacktrace":"#0 0x55800daeb75a \u003Cunknown>\n#1 0x55800d58e0a0 \u003Cunknown>\n#2 0x55800d5df9b0 \u003Cunknown>\n#3 0x55800d5dfba1 \u003Cunknown>\n#4 0x55800d62dea4 \u003Cunknown>\n#5 0x55800d6053cd \u003Cunknown>\n#6 0x55800d62b2a0 \u003Cunknown>\n#7 0x55800d605173 \u003Cunknown>\n#8 0x55800d5d1d4b \u003Cunknown>\n#9 0x55800d5d29b1 \u003Cunknown>\n#10 0x55800dab090b \u003Cunknown>\n#11 0x55800dab480a \u003Cunknown>\n#12 0x55800da98662 \u003Cunknown>\n#13 0x55800dab5394 \u003Cunknown>\n#14 0x55800da7d49f \u003Cunknown>\n#15 0x55800dad9538 \u003Cunknown>\n#16 0x55800dad9716 \u003Cunknown>\n#17 0x55800daea5c6 \u003Cunknown>\n#18 0x7f8c4e29caa4 \u003Cunknown>\n#19 0x7f8c4e329c3c \u003Cunknown>\n"}} | headers=HTTPHeaderDict({'Content-Length': '903', 'Content-Type': 'application/json; charset=utf-8', 'cache-control': 'no-cache'})
2025-05-17 00:00:10,242 - DEBUG - Finished Request
2025-05-17 00:00:10,242 - ERROR - Error: Message: 
Stacktrace:
#0 0x55800daeb75a <unknown>
#1 0x55800d58e0a0 <unknown>
#2 0x55800d5df9b0 <unknown>
#3 0x55800d5dfba1 <unknown>
#4 0x55800d62dea4 <unknown>
#5 0x55800d6053cd <unknown>
#6 0x55800d62b2a0 <unknown>
#7 0x55800d605173 <unknown>
#8 0x55800d5d1d4b <unknown>
#9 0x55800d5d29b1 <unknown>
#10 0x55800dab090b <unknown>
#11 0x55800dab480a <unknown>
#12 0x55800da98662 <unknown>
#13 0x55800dab5394 <unknown>
#14 0x55800da7d49f <unknown>
#15 0x55800dad9538 <unknown>
#16 0x55800dad9716 <unknown>
#17 0x55800daea5c6 <unknown>
#18 0x7f8c4e29caa4 <unknown>
#19 0x7f8c4e329c3c <unknown>

2025-05-17 00:00:10,243 - DEBUG - DELETE http://localhost:39509/session/bca39d7b33592bef0b583acebb2ee0e0 {}
2025-05-17 00:00:10,294 - DEBUG - http://localhost:39509 "DELETE /session/bca39d7b33592bef0b583acebb2ee0e0 HTTP/1.1" 200 0
2025-05-17 00:00:10,294 - DEBUG - Remote response: status=200 | data={"value":null} | headers=HTTPHeaderDict({'Content-Length': '14', 'Content-Type': 'application/json; charset=utf-8', 'cache-control': 'no-cache'})
2025-05-17 00:00:10,294 - DEBUG - Finished Request
2025-05-17 00:00:10,308 - DEBUG - Browser closed
2025-05-17 00:07:01,819 - DEBUG - Starting script execution
2025-05-17 00:07:01,819 - DEBUG - Setting up Chrome browser
2025-05-17 00:07:01,819 - INFO - ====== WebDriver manager ======
2025-05-17 00:07:21,287 - INFO - Get LATEST chromedriver version for google-chrome
2025-05-17 00:07:21,290 - DEBUG - Starting new HTTPS connection (1): googlechromelabs.github.io:443
2025-05-17 00:07:21,314 - DEBUG - https://googlechromelabs.github.io:443 "GET /chrome-for-testing/latest-patch-versions-per-build.json HTTP/1.1" 200 11111
2025-05-17 00:07:21,316 - INFO - Get LATEST chromedriver version for google-chrome
2025-05-17 00:07:21,317 - DEBUG - Starting new HTTPS connection (1): googlechromelabs.github.io:443
2025-05-17 00:07:21,329 - DEBUG - https://googlechromelabs.github.io:443 "GET /chrome-for-testing/latest-patch-versions-per-build.json HTTP/1.1" 200 11111
2025-05-17 00:07:21,330 - INFO - There is no [linux64] chromedriver "136.0.7103.94" for browser google-chrome "136.0.7103" in cache
2025-05-17 00:07:21,330 - INFO - Get LATEST chromedriver version for google-chrome
2025-05-17 00:07:21,331 - DEBUG - Starting new HTTPS connection (1): googlechromelabs.github.io:443
2025-05-17 00:07:21,343 - DEBUG - https://googlechromelabs.github.io:443 "GET /chrome-for-testing/latest-patch-versions-per-build.json HTTP/1.1" 200 11111
2025-05-17 00:07:21,345 - DEBUG - Starting new HTTPS connection (1): googlechromelabs.github.io:443
2025-05-17 00:07:21,356 - DEBUG - https://googlechromelabs.github.io:443 "GET /chrome-for-testing/known-good-versions-with-downloads.json HTTP/1.1" 200 91714
2025-05-17 00:07:21,380 - INFO - WebDriver version 136.0.7103.94 selected
2025-05-17 00:07:21,383 - INFO - Modern chrome version https://storage.googleapis.com/chrome-for-testing-public/136.0.7103.94/linux64/chromedriver-linux64.zip
2025-05-17 00:07:21,383 - INFO - About to download new driver from https://storage.googleapis.com/chrome-for-testing-public/136.0.7103.94/linux64/chromedriver-linux64.zip
2025-05-17 00:07:21,384 - DEBUG - Starting new HTTPS connection (1): storage.googleapis.com:443
2025-05-17 00:07:21,407 - DEBUG - https://storage.googleapis.com:443 "GET /chrome-for-testing-public/136.0.7103.94/linux64/chromedriver-linux64.zip HTTP/1.1" 200 9593441
2025-05-17 00:07:21,407 - INFO - Driver downloading response is 200
2025-05-17 00:07:21,451 - INFO - Get LATEST chromedriver version for google-chrome
2025-05-17 00:07:21,452 - DEBUG - Starting new HTTPS connection (1): googlechromelabs.github.io:443
2025-05-17 00:07:21,463 - DEBUG - https://googlechromelabs.github.io:443 "GET /chrome-for-testing/latest-patch-versions-per-build.json HTTP/1.1" 200 11111
2025-05-17 00:07:21,578 - INFO - Driver has been saved in cache [/home/runner/.wdm/drivers/chromedriver/linux64/136.0.7103.94]
2025-05-17 00:07:21,579 - DEBUG - Skipping Selenium Manager; path to chrome driver specified in Service class: /home/runner/.wdm/drivers/chromedriver/linux64/136.0.7103.94/chromedriver-linux64/chromedriver
2025-05-17 00:07:21,581 - DEBUG - Started executable: `/home/runner/.wdm/drivers/chromedriver/linux64/136.0.7103.94/chromedriver-linux64/chromedriver` in a child process with pid: 2519 using 0 to output -3
2025-05-17 00:07:21,592 - DEBUG - POST http://localhost:41901/session {'capabilities': {'firstMatch': [{}], 'alwaysMatch': {'browserName': 'chrome', 'pageLoadStrategy': <PageLoadStrategy.normal: 'normal'>, 'goog:chromeOptions': {'extensions': [], 'args': ['--headless', '--disable-gpu', '--no-sandbox', '--disable-dev-shm-usage']}}}}
2025-05-17 00:07:21,593 - DEBUG - Starting new HTTP connection (1): localhost:41901
2025-05-17 00:07:46,615 - DEBUG - http://localhost:41901 "POST /session HTTP/1.1" 200 0
2025-05-17 00:07:46,615 - DEBUG - Remote response: status=200 | data={"value":{"capabilities":{"acceptInsecureCerts":false,"browserName":"chrome","browserVersion":"136.0.7103.92","chrome":{"chromedriverVersion":"136.0.7103.94 (fa0be0b33debeb378a8e6ad9c599be34e2dc3b37-refs/branch-heads/7103@{#1842})","userDataDir":"/tmp/.org.chromium.Chromium.wGzoiA"},"fedcm:accounts":true,"goog:chromeOptions":{"debuggerAddress":"localhost:43205"},"networkConnectionEnabled":false,"pageLoadStrategy":"normal","platformName":"linux","proxy":{},"setWindowRect":true,"strictFileInteractability":false,"timeouts":{"implicit":0,"pageLoad":300000,"script":30000},"unhandledPromptBehavior":"dismiss and notify","webauthn:extension:credBlob":true,"webauthn:extension:largeBlob":true,"webauthn:extension:minPinLength":true,"webauthn:extension:prf":true,"webauthn:virtualAuthenticators":true},"sessionId":"de684724f6d8a3196613ff0ac1331fb6"}} | headers=HTTPHeaderDict({'Content-Length': '848', 'Content-Type': 'application/json; charset=utf-8', 'cache-control': 'no-cache'})
2025-05-17 00:07:46,615 - DEBUG - Finished Request
2025-05-17 00:07:46,615 - DEBUG - Navigating to create.php
2025-05-17 00:07:46,615 - DEBUG - POST http://localhost:41901/session/de684724f6d8a3196613ff0ac1331fb6/url {'url': 'https://moodtv.xyz/create.php'}
2025-05-17 00:07:56,706 - DEBUG - http://localhost:41901 "POST /session/de684724f6d8a3196613ff0ac1331fb6/url HTTP/1.1" 200 0
2025-05-17 00:07:56,706 - DEBUG - Remote response: status=200 | data={"value":null} | headers=HTTPHeaderDict({'Content-Length': '14', 'Content-Type': 'application/json; charset=utf-8', 'cache-control': 'no-cache'})
2025-05-17 00:07:56,706 - DEBUG - Finished Request
2025-05-17 00:07:56,706 - DEBUG - Generated username: user_bOVsfg1S, password: dpQULzh9OsNH
2025-05-17 00:07:56,706 - DEBUG - Entering credentials
2025-05-17 00:07:56,707 - DEBUG - POST http://localhost:41901/session/de684724f6d8a3196613ff0ac1331fb6/element {'using': 'css selector', 'value': '[id="username"]'}
2025-05-17 00:07:56,932 - DEBUG - http://localhost:41901 "POST /session/de684724f6d8a3196613ff0ac1331fb6/element HTTP/1.1" 404 0
2025-05-17 00:07:56,932 - DEBUG - Remote response: status=404 | data={"value":{"error":"no such element","message":"no such element: Unable to locate element: {\"method\":\"css selector\",\"selector\":\"[id=\"username\"]\"}\n  (Session info: chrome=136.0.7103.92)","stacktrace":"#0 0x564b32b8f75a \u003Cunknown>\n#1 0x564b326320a0 \u003Cunknown>\n#2 0x564b326839b0 \u003Cunknown>\n#3 0x564b32683ba1 \u003Cunknown>\n#4 0x564b326d1ea4 \u003Cunknown>\n#5 0x564b326a93cd \u003Cunknown>\n#6 0x564b326cf2a0 \u003Cunknown>\n#7 0x564b326a9173 \u003Cunknown>\n#8 0x564b32675d4b \u003Cunknown>\n#9 0x564b326769b1 \u003Cunknown>\n#10 0x564b32b5490b \u003Cunknown>\n#11 0x564b32b5880a \u003Cunknown>\n#12 0x564b32b3c662 \u003Cunknown>\n#13 0x564b32b59394 \u003Cunknown>\n#14 0x564b32b2149f \u003Cunknown>\n#15 0x564b32b7d538 \u003Cunknown>\n#16 0x564b32b7d716 \u003Cunknown>\n#17 0x564b32b8e5c6 \u003Cunknown>\n#18 0x7f6023a9caa4 \u003Cunknown>\n#19 0x7f6023b29c3c \u003Cunknown>\n"}} | headers=HTTPHeaderDict({'Content-Length': '903', 'Content-Type': 'application/json; charset=utf-8', 'cache-control': 'no-cache'})
2025-05-17 00:07:56,932 - DEBUG - Finished Request
2025-05-17 00:07:57,433 - DEBUG - POST http://localhost:41901/session/de684724f6d8a3196613ff0ac1331fb6/element {'using': 'css selector', 'value': '[id="username"]'}
2025-05-17 00:07:57,446 - DEBUG - http://localhost:41901 "POST /session/de684724f6d8a3196613ff0ac1331fb6/element HTTP/1.1" 404 0
2025-05-17 00:07:57,446 - DEBUG - Remote response: status=404 | data={"value":{"error":"no such element","message":"no such element: Unable to locate element: {\"method\":\"css selector\",\"selector\":\"[id=\"username\"]\"}\n  (Session info: chrome=136.0.7103.92)","stacktrace":"#0 0x564b32b8f75a \u003Cunknown>\n#1 0x564b326320a0 \u003Cunknown>\n#2 0x564b326839b0 \u003Cunknown>\n#3 0x564b32683ba1 \u003Cunknown>\n#4 0x564b326d1ea4 \u003Cunknown>\n#5 0x564b326a93cd \u003Cunknown>\n#6 0x564b326cf2a0 \u003Cunknown>\n#7 0x564b326a9173 \u003Cunknown>\n#8 0x564b32675d4b \u003Cunknown>\n#9 0x564b326769b1 \u003Cunknown>\n#10 0x564b32b5490b \u003Cunknown>\n#11 0x564b32b5880a \u003Cunknown>\n#12 0x564b32b3c662 \u003Cunknown>\n#13 0x564b32b59394 \u003Cunknown>\n#14 0x564b32b2149f \u003Cunknown>\n#15 0x564b32b7d538 \u003Cunknown>\n#16 0x564b32b7d716 \u003Cunknown>\n#17 0x564b32b8e5c6 \u003Cunknown>\n#18 0x7f6023a9caa4 \u003Cunknown>\n#19 0x7f6023b29c3c \u003Cunknown>\n"}} | headers=HTTPHeaderDict({'Content-Length': '903', 'Content-Type': 'application/json; charset=utf-8', 'cache-control': 'no-cache'})
2025-05-17 00:07:57,446 - DEBUG - Finished Request
2025-05-17 00:07:57,947 - DEBUG - POST http://localhost:41901/session/de684724f6d8a3196613ff0ac1331fb6/element {'using': 'css selector', 'value': '[id="username"]'}
2025-05-17 00:07:57,958 - DEBUG - http://localhost:41901 "POST /session/de684724f6d8a3196613ff0ac1331fb6/element HTTP/1.1" 404 0
2025-05-17 00:07:57,958 - DEBUG - Remote response: status=404 | data={"value":{"error":"no such element","message":"no such element: Unable to locate element: {\"method\":\"css selector\",\"selector\":\"[id=\"username\"]\"}\n  (Session info: chrome=136.0.7103.92)","stacktrace":"#0 0x564b32b8f75a \u003Cunknown>\n#1 0x564b326320a0 \u003Cunknown>\n#2 0x564b326839b0 \u003Cunknown>\n#3 0x564b32683ba1 \u003Cunknown>\n#4 0x564b326d1ea4 \u003Cunknown>\n#5 0x564b326a93cd \u003Cunknown>\n#6 0x564b326cf2a0 \u003Cunknown>\n#7 0x564b326a9173 \u003Cunknown>\n#8 0x564b32675d4b \u003Cunknown>\n#9 0x564b326769b1 \u003Cunknown>\n#10 0x564b32b5490b \u003Cunknown>\n#11 0x564b32b5880a \u003Cunknown>\n#12 0x564b32b3c662 \u003Cunknown>\n#13 0x564b32b59394 \u003Cunknown>\n#14 0x564b32b2149f \u003Cunknown>\n#15 0x564b32b7d538 \u003Cunknown>\n#16 0x564b32b7d716 \u003Cunknown>\n#17 0x564b32b8e5c6 \u003Cunknown>\n#18 0x7f6023a9caa4 \u003Cunknown>\n#19 0x7f6023b29c3c \u003Cunknown>\n"}} | headers=HTTPHeaderDict({'Content-Length': '903', 'Content-Type': 'application/json; charset=utf-8', 'cache-control': 'no-cache'})
2025-05-17 00:07:57,958 - DEBUG - Finished Request
2025-05-17 00:07:58,459 - DEBUG - POST http://localhost:41901/session/de684724f6d8a3196613ff0ac1331fb6/element {'using': 'css selector', 'value': '[id="username"]'}
2025-05-17 00:07:58,470 - DEBUG - http://localhost:41901 "POST /session/de684724f6d8a3196613ff0ac1331fb6/element HTTP/1.1" 404 0
2025-05-17 00:07:58,470 - DEBUG - Remote response: status=404 | data={"value":{"error":"no such element","message":"no such element: Unable to locate element: {\"method\":\"css selector\",\"selector\":\"[id=\"username\"]\"}\n  (Session info: chrome=136.0.7103.92)","stacktrace":"#0 0x564b32b8f75a \u003Cunknown>\n#1 0x564b326320a0 \u003Cunknown>\n#2 0x564b326839b0 \u003Cunknown>\n#3 0x564b32683ba1 \u003Cunknown>\n#4 0x564b326d1ea4 \u003Cunknown>\n#5 0x564b326a93cd \u003Cunknown>\n#6 0x564b326cf2a0 \u003Cunknown>\n#7 0x564b326a9173 \u003Cunknown>\n#8 0x564b32675d4b \u003Cunknown>\n#9 0x564b326769b1 \u003Cunknown>\n#10 0x564b32b5490b \u003Cunknown>\n#11 0x564b32b5880a \u003Cunknown>\n#12 0x564b32b3c662 \u003Cunknown>\n#13 0x564b32b59394 \u003Cunknown>\n#14 0x564b32b2149f \u003Cunknown>\n#15 0x564b32b7d538 \u003Cunknown>\n#16 0x564b32b7d716 \u003Cunknown>\n#17 0x564b32b8e5c6 \u003Cunknown>\n#18 0x7f6023a9caa4 \u003Cunknown>\n#19 0x7f6023b29c3c \u003Cunknown>\n"}} | headers=HTTPHeaderDict({'Content-Length': '903', 'Content-Type': 'application/json; charset=utf-8', 'cache-control': 'no-cache'})
2025-05-17 00:07:58,470 - DEBUG - Finished Request
2025-05-17 00:07:58,971 - DEBUG - POST http://localhost:41901/session/de684724f6d8a3196613ff0ac1331fb6/element {'using': 'css selector', 'value': '[id="username"]'}
2025-05-17 00:07:58,983 - DEBUG - http://localhost:41901 "POST /session/de684724f6d8a3196613ff0ac1331fb6/element HTTP/1.1" 404 0
2025-05-17 00:07:58,983 - DEBUG - Remote response: status=404 | data={"value":{"error":"no such element","message":"no such element: Unable to locate element: {\"method\":\"css selector\",\"selector\":\"[id=\"username\"]\"}\n  (Session info: chrome=136.0.7103.92)","stacktrace":"#0 0x564b32b8f75a \u003Cunknown>\n#1 0x564b326320a0 \u003Cunknown>\n#2 0x564b326839b0 \u003Cunknown>\n#3 0x564b32683ba1 \u003Cunknown>\n#4 0x564b326d1ea4 \u003Cunknown>\n#5 0x564b326a93cd \u003Cunknown>\n#6 0x564b326cf2a0 \u003Cunknown>\n#7 0x564b326a9173 \u003Cunknown>\n#8 0x564b32675d4b \u003Cunknown>\n#9 0x564b326769b1 \u003Cunknown>\n#10 0x564b32b5490b \u003Cunknown>\n#11 0x564b32b5880a \u003Cunknown>\n#12 0x564b32b3c662 \u003Cunknown>\n#13 0x564b32b59394 \u003Cunknown>\n#14 0x564b32b2149f \u003Cunknown>\n#15 0x564b32b7d538 \u003Cunknown>\n#16 0x564b32b7d716 \u003Cunknown>\n#17 0x564b32b8e5c6 \u003Cunknown>\n#18 0x7f6023a9caa4 \u003Cunknown>\n#19 0x7f6023b29c3c \u003Cunknown>\n"}} | headers=HTTPHeaderDict({'Content-Length': '903', 'Content-Type': 'application/json; charset=utf-8', 'cache-control': 'no-cache'})
2025-05-17 00:07:58,983 - DEBUG - Finished Request
2025-05-17 00:07:59,484 - DEBUG - POST http://localhost:41901/session/de684724f6d8a3196613ff0ac1331fb6/element {'using': 'css selector', 'value': '[id="username"]'}
2025-05-17 00:07:59,495 - DEBUG - http://localhost:41901 "POST /session/de684724f6d8a3196613ff0ac1331fb6/element HTTP/1.1" 404 0
2025-05-17 00:07:59,495 - DEBUG - Remote response: status=404 | data={"value":{"error":"no such element","message":"no such element: Unable to locate element: {\"method\":\"css selector\",\"selector\":\"[id=\"username\"]\"}\n  (Session info: chrome=136.0.7103.92)","stacktrace":"#0 0x564b32b8f75a \u003Cunknown>\n#1 0x564b326320a0 \u003Cunknown>\n#2 0x564b326839b0 \u003Cunknown>\n#3 0x564b32683ba1 \u003Cunknown>\n#4 0x564b326d1ea4 \u003Cunknown>\n#5 0x564b326a93cd \u003Cunknown>\n#6 0x564b326cf2a0 \u003Cunknown>\n#7 0x564b326a9173 \u003Cunknown>\n#8 0x564b32675d4b \u003Cunknown>\n#9 0x564b326769b1 \u003Cunknown>\n#10 0x564b32b5490b \u003Cunknown>\n#11 0x564b32b5880a \u003Cunknown>\n#12 0x564b32b3c662 \u003Cunknown>\n#13 0x564b32b59394 \u003Cunknown>\n#14 0x564b32b2149f \u003Cunknown>\n#15 0x564b32b7d538 \u003Cunknown>\n#16 0x564b32b7d716 \u003Cunknown>\n#17 0x564b32b8e5c6 \u003Cunknown>\n#18 0x7f6023a9caa4 \u003Cunknown>\n#19 0x7f6023b29c3c \u003Cunknown>\n"}} | headers=HTTPHeaderDict({'Content-Length': '903', 'Content-Type': 'application/json; charset=utf-8', 'cache-control': 'no-cache'})
2025-05-17 00:07:59,495 - DEBUG - Finished Request
2025-05-17 00:07:59,996 - DEBUG - POST http://localhost:41901/session/de684724f6d8a3196613ff0ac1331fb6/element {'using': 'css selector', 'value': '[id="username"]'}
2025-05-17 00:08:00,007 - DEBUG - http://localhost:41901 "POST /session/de684724f6d8a3196613ff0ac1331fb6/element HTTP/1.1" 404 0
2025-05-17 00:08:00,007 - DEBUG - Remote response: status=404 | data={"value":{"error":"no such element","message":"no such element: Unable to locate element: {\"method\":\"css selector\",\"selector\":\"[id=\"username\"]\"}\n  (Session info: chrome=136.0.7103.92)","stacktrace":"#0 0x564b32b8f75a \u003Cunknown>\n#1 0x564b326320a0 \u003Cunknown>\n#2 0x564b326839b0 \u003Cunknown>\n#3 0x564b32683ba1 \u003Cunknown>\n#4 0x564b326d1ea4 \u003Cunknown>\n#5 0x564b326a93cd \u003Cunknown>\n#6 0x564b326cf2a0 \u003Cunknown>\n#7 0x564b326a9173 \u003Cunknown>\n#8 0x564b32675d4b \u003Cunknown>\n#9 0x564b326769b1 \u003Cunknown>\n#10 0x564b32b5490b \u003Cunknown>\n#11 0x564b32b5880a \u003Cunknown>\n#12 0x564b32b3c662 \u003Cunknown>\n#13 0x564b32b59394 \u003Cunknown>\n#14 0x564b32b2149f \u003Cunknown>\n#15 0x564b32b7d538 \u003Cunknown>\n#16 0x564b32b7d716 \u003Cunknown>\n#17 0x564b32b8e5c6 \u003Cunknown>\n#18 0x7f6023a9caa4 \u003Cunknown>\n#19 0x7f6023b29c3c \u003Cunknown>\n"}} | headers=HTTPHeaderDict({'Content-Length': '903', 'Content-Type': 'application/json; charset=utf-8', 'cache-control': 'no-cache'})
2025-05-17 00:08:00,007 - DEBUG - Finished Request
2025-05-17 00:08:00,508 - DEBUG - POST http://localhost:41901/session/de684724f6d8a3196613ff0ac1331fb6/element {'using': 'css selector', 'value': '[id="username"]'}
2025-05-17 00:08:00,520 - DEBUG - http://localhost:41901 "POST /session/de684724f6d8a3196613ff0ac1331fb6/element HTTP/1.1" 404 0
2025-05-17 00:08:00,520 - DEBUG - Remote response: status=404 | data={"value":{"error":"no such element","message":"no such element: Unable to locate element: {\"method\":\"css selector\",\"selector\":\"[id=\"username\"]\"}\n  (Session info: chrome=136.0.7103.92)","stacktrace":"#0 0x564b32b8f75a \u003Cunknown>\n#1 0x564b326320a0 \u003Cunknown>\n#2 0x564b326839b0 \u003Cunknown>\n#3 0x564b32683ba1 \u003Cunknown>\n#4 0x564b326d1ea4 \u003Cunknown>\n#5 0x564b326a93cd \u003Cunknown>\n#6 0x564b326cf2a0 \u003Cunknown>\n#7 0x564b326a9173 \u003Cunknown>\n#8 0x564b32675d4b \u003Cunknown>\n#9 0x564b326769b1 \u003Cunknown>\n#10 0x564b32b5490b \u003Cunknown>\n#11 0x564b32b5880a \u003Cunknown>\n#12 0x564b32b3c662 \u003Cunknown>\n#13 0x564b32b59394 \u003Cunknown>\n#14 0x564b32b2149f \u003Cunknown>\n#15 0x564b32b7d538 \u003Cunknown>\n#16 0x564b32b7d716 \u003Cunknown>\n#17 0x564b32b8e5c6 \u003Cunknown>\n#18 0x7f6023a9caa4 \u003Cunknown>\n#19 0x7f6023b29c3c \u003Cunknown>\n"}} | headers=HTTPHeaderDict({'Content-Length': '903', 'Content-Type': 'application/json; charset=utf-8', 'cache-control': 'no-cache'})
2025-05-17 00:08:00,520 - DEBUG - Finished Request
2025-05-17 00:08:01,021 - DEBUG - POST http://localhost:41901/session/de684724f6d8a3196613ff0ac1331fb6/element {'using': 'css selector', 'value': '[id="username"]'}
2025-05-17 00:08:01,032 - DEBUG - http://localhost:41901 "POST /session/de684724f6d8a3196613ff0ac1331fb6/element HTTP/1.1" 404 0
2025-05-17 00:08:01,032 - DEBUG - Remote response: status=404 | data={"value":{"error":"no such element","message":"no such element: Unable to locate element: {\"method\":\"css selector\",\"selector\":\"[id=\"username\"]\"}\n  (Session info: chrome=136.0.7103.92)","stacktrace":"#0 0x564b32b8f75a \u003Cunknown>\n#1 0x564b326320a0 \u003Cunknown>\n#2 0x564b326839b0 \u003Cunknown>\n#3 0x564b32683ba1 \u003Cunknown>\n#4 0x564b326d1ea4 \u003Cunknown>\n#5 0x564b326a93cd \u003Cunknown>\n#6 0x564b326cf2a0 \u003Cunknown>\n#7 0x564b326a9173 \u003Cunknown>\n#8 0x564b32675d4b \u003Cunknown>\n#9 0x564b326769b1 \u003Cunknown>\n#10 0x564b32b5490b \u003Cunknown>\n#11 0x564b32b5880a \u003Cunknown>\n#12 0x564b32b3c662 \u003Cunknown>\n#13 0x564b32b59394 \u003Cunknown>\n#14 0x564b32b2149f \u003Cunknown>\n#15 0x564b32b7d538 \u003Cunknown>\n#16 0x564b32b7d716 \u003Cunknown>\n#17 0x564b32b8e5c6 \u003Cunknown>\n#18 0x7f6023a9caa4 \u003Cunknown>\n#19 0x7f6023b29c3c \u003Cunknown>\n"}} | headers=HTTPHeaderDict({'Content-Length': '903', 'Content-Type': 'application/json; charset=utf-8', 'cache-control': 'no-cache'})
2025-05-17 00:08:01,032 - DEBUG - Finished Request
2025-05-17 00:08:01,533 - DEBUG - POST http://localhost:41901/session/de684724f6d8a3196613ff0ac1331fb6/element {'using': 'css selector', 'value': '[id="username"]'}
2025-05-17 00:08:01,545 - DEBUG - http://localhost:41901 "POST /session/de684724f6d8a3196613ff0ac1331fb6/element HTTP/1.1" 404 0
2025-05-17 00:08:01,545 - DEBUG - Remote response: status=404 | data={"value":{"error":"no such element","message":"no such element: Unable to locate element: {\"method\":\"css selector\",\"selector\":\"[id=\"username\"]\"}\n  (Session info: chrome=136.0.7103.92)","stacktrace":"#0 0x564b32b8f75a \u003Cunknown>\n#1 0x564b326320a0 \u003Cunknown>\n#2 0x564b326839b0 \u003Cunknown>\n#3 0x564b32683ba1 \u003Cunknown>\n#4 0x564b326d1ea4 \u003Cunknown>\n#5 0x564b326a93cd \u003Cunknown>\n#6 0x564b326cf2a0 \u003Cunknown>\n#7 0x564b326a9173 \u003Cunknown>\n#8 0x564b32675d4b \u003Cunknown>\n#9 0x564b326769b1 \u003Cunknown>\n#10 0x564b32b5490b \u003Cunknown>\n#11 0x564b32b5880a \u003Cunknown>\n#12 0x564b32b3c662 \u003Cunknown>\n#13 0x564b32b59394 \u003Cunknown>\n#14 0x564b32b2149f \u003Cunknown>\n#15 0x564b32b7d538 \u003Cunknown>\n#16 0x564b32b7d716 \u003Cunknown>\n#17 0x564b32b8e5c6 \u003Cunknown>\n#18 0x7f6023a9caa4 \u003Cunknown>\n#19 0x7f6023b29c3c \u003Cunknown>\n"}} | headers=HTTPHeaderDict({'Content-Length': '903', 'Content-Type': 'application/json; charset=utf-8', 'cache-control': 'no-cache'})
2025-05-17 00:08:01,545 - DEBUG - Finished Request
2025-05-17 00:08:02,046 - DEBUG - POST http://localhost:41901/session/de684724f6d8a3196613ff0ac1331fb6/element {'using': 'css selector', 'value': '[id="username"]'}
2025-05-17 00:08:02,058 - DEBUG - http://localhost:41901 "POST /session/de684724f6d8a3196613ff0ac1331fb6/element HTTP/1.1" 404 0
2025-05-17 00:08:02,059 - DEBUG - Remote response: status=404 | data={"value":{"error":"no such element","message":"no such element: Unable to locate element: {\"method\":\"css selector\",\"selector\":\"[id=\"username\"]\"}\n  (Session info: chrome=136.0.7103.92)","stacktrace":"#0 0x564b32b8f75a \u003Cunknown>\n#1 0x564b326320a0 \u003Cunknown>\n#2 0x564b326839b0 \u003Cunknown>\n#3 0x564b32683ba1 \u003Cunknown>\n#4 0x564b326d1ea4 \u003Cunknown>\n#5 0x564b326a93cd \u003Cunknown>\n#6 0x564b326cf2a0 \u003Cunknown>\n#7 0x564b326a9173 \u003Cunknown>\n#8 0x564b32675d4b \u003Cunknown>\n#9 0x564b326769b1 \u003Cunknown>\n#10 0x564b32b5490b \u003Cunknown>\n#11 0x564b32b5880a \u003Cunknown>\n#12 0x564b32b3c662 \u003Cunknown>\n#13 0x564b32b59394 \u003Cunknown>\n#14 0x564b32b2149f \u003Cunknown>\n#15 0x564b32b7d538 \u003Cunknown>\n#16 0x564b32b7d716 \u003Cunknown>\n#17 0x564b32b8e5c6 \u003Cunknown>\n#18 0x7f6023a9caa4 \u003Cunknown>\n#19 0x7f6023b29c3c \u003Cunknown>\n"}} | headers=HTTPHeaderDict({'Content-Length': '903', 'Content-Type': 'application/json; charset=utf-8', 'cache-control': 'no-cache'})
2025-05-17 00:08:02,059 - DEBUG - Finished Request
2025-05-17 00:08:02,559 - DEBUG - POST http://localhost:41901/session/de684724f6d8a3196613ff0ac1331fb6/element {'using': 'css selector', 'value': '[id="username"]'}
2025-05-17 00:08:02,571 - DEBUG - http://localhost:41901 "POST /session/de684724f6d8a3196613ff0ac1331fb6/element HTTP/1.1" 404 0
2025-05-17 00:08:02,571 - DEBUG - Remote response: status=404 | data={"value":{"error":"no such element","message":"no such element: Unable to locate element: {\"method\":\"css selector\",\"selector\":\"[id=\"username\"]\"}\n  (Session info: chrome=136.0.7103.92)","stacktrace":"#0 0x564b32b8f75a \u003Cunknown>\n#1 0x564b326320a0 \u003Cunknown>\n#2 0x564b326839b0 \u003Cunknown>\n#3 0x564b32683ba1 \u003Cunknown>\n#4 0x564b326d1ea4 \u003Cunknown>\n#5 0x564b326a93cd \u003Cunknown>\n#6 0x564b326cf2a0 \u003Cunknown>\n#7 0x564b326a9173 \u003Cunknown>\n#8 0x564b32675d4b \u003Cunknown>\n#9 0x564b326769b1 \u003Cunknown>\n#10 0x564b32b5490b \u003Cunknown>\n#11 0x564b32b5880a \u003Cunknown>\n#12 0x564b32b3c662 \u003Cunknown>\n#13 0x564b32b59394 \u003Cunknown>\n#14 0x564b32b2149f \u003Cunknown>\n#15 0x564b32b7d538 \u003Cunknown>\n#16 0x564b32b7d716 \u003Cunknown>\n#17 0x564b32b8e5c6 \u003Cunknown>\n#18 0x7f6023a9caa4 \u003Cunknown>\n#19 0x7f6023b29c3c \u003Cunknown>\n"}} | headers=HTTPHeaderDict({'Content-Length': '903', 'Content-Type': 'application/json; charset=utf-8', 'cache-control': 'no-cache'})
2025-05-17 00:08:02,571 - DEBUG - Finished Request
2025-05-17 00:08:03,072 - DEBUG - POST http://localhost:41901/session/de684724f6d8a3196613ff0ac1331fb6/element {'using': 'css selector', 'value': '[id="username"]'}
2025-05-17 00:08:03,083 - DEBUG - http://localhost:41901 "POST /session/de684724f6d8a3196613ff0ac1331fb6/element HTTP/1.1" 404 0
2025-05-17 00:08:03,083 - DEBUG - Remote response: status=404 | data={"value":{"error":"no such element","message":"no such element: Unable to locate element: {\"method\":\"css selector\",\"selector\":\"[id=\"username\"]\"}\n  (Session info: chrome=136.0.7103.92)","stacktrace":"#0 0x564b32b8f75a \u003Cunknown>\n#1 0x564b326320a0 \u003Cunknown>\n#2 0x564b326839b0 \u003Cunknown>\n#3 0x564b32683ba1 \u003Cunknown>\n#4 0x564b326d1ea4 \u003Cunknown>\n#5 0x564b326a93cd \u003Cunknown>\n#6 0x564b326cf2a0 \u003Cunknown>\n#7 0x564b326a9173 \u003Cunknown>\n#8 0x564b32675d4b \u003Cunknown>\n#9 0x564b326769b1 \u003Cunknown>\n#10 0x564b32b5490b \u003Cunknown>\n#11 0x564b32b5880a \u003Cunknown>\n#12 0x564b32b3c662 \u003Cunknown>\n#13 0x564b32b59394 \u003Cunknown>\n#14 0x564b32b2149f \u003Cunknown>\n#15 0x564b32b7d538 \u003Cunknown>\n#16 0x564b32b7d716 \u003Cunknown>\n#17 0x564b32b8e5c6 \u003Cunknown>\n#18 0x7f6023a9caa4 \u003Cunknown>\n#19 0x7f6023b29c3c \u003Cunknown>\n"}} | headers=HTTPHeaderDict({'Content-Length': '903', 'Content-Type': 'application/json; charset=utf-8', 'cache-control': 'no-cache'})
2025-05-17 00:08:03,083 - DEBUG - Finished Request
2025-05-17 00:08:03,584 - DEBUG - POST http://localhost:41901/session/de684724f6d8a3196613ff0ac1331fb6/element {'using': 'css selector', 'value': '[id="username"]'}
2025-05-17 00:08:03,595 - DEBUG - http://localhost:41901 "POST /session/de684724f6d8a3196613ff0ac1331fb6/element HTTP/1.1" 404 0
2025-05-17 00:08:03,596 - DEBUG - Remote response: status=404 | data={"value":{"error":"no such element","message":"no such element: Unable to locate element: {\"method\":\"css selector\",\"selector\":\"[id=\"username\"]\"}\n  (Session info: chrome=136.0.7103.92)","stacktrace":"#0 0x564b32b8f75a \u003Cunknown>\n#1 0x564b326320a0 \u003Cunknown>\n#2 0x564b326839b0 \u003Cunknown>\n#3 0x564b32683ba1 \u003Cunknown>\n#4 0x564b326d1ea4 \u003Cunknown>\n#5 0x564b326a93cd \u003Cunknown>\n#6 0x564b326cf2a0 \u003Cunknown>\n#7 0x564b326a9173 \u003Cunknown>\n#8 0x564b32675d4b \u003Cunknown>\n#9 0x564b326769b1 \u003Cunknown>\n#10 0x564b32b5490b \u003Cunknown>\n#11 0x564b32b5880a \u003Cunknown>\n#12 0x564b32b3c662 \u003Cunknown>\n#13 0x564b32b59394 \u003Cunknown>\n#14 0x564b32b2149f \u003Cunknown>\n#15 0x564b32b7d538 \u003Cunknown>\n#16 0x564b32b7d716 \u003Cunknown>\n#17 0x564b32b8e5c6 \u003Cunknown>\n#18 0x7f6023a9caa4 \u003Cunknown>\n#19 0x7f6023b29c3c \u003Cunknown>\n"}} | headers=HTTPHeaderDict({'Content-Length': '903', 'Content-Type': 'application/json; charset=utf-8', 'cache-control': 'no-cache'})
2025-05-17 00:08:03,596 - DEBUG - Finished Request
2025-05-17 00:08:04,096 - DEBUG - POST http://localhost:41901/session/de684724f6d8a3196613ff0ac1331fb6/element {'using': 'css selector', 'value': '[id="username"]'}
2025-05-17 00:08:04,108 - DEBUG - http://localhost:41901 "POST /session/de684724f6d8a3196613ff0ac1331fb6/element HTTP/1.1" 404 0
2025-05-17 00:08:04,108 - DEBUG - Remote response: status=404 | data={"value":{"error":"no such element","message":"no such element: Unable to locate element: {\"method\":\"css selector\",\"selector\":\"[id=\"username\"]\"}\n  (Session info: chrome=136.0.7103.92)","stacktrace":"#0 0x564b32b8f75a \u003Cunknown>\n#1 0x564b326320a0 \u003Cunknown>\n#2 0x564b326839b0 \u003Cunknown>\n#3 0x564b32683ba1 \u003Cunknown>\n#4 0x564b326d1ea4 \u003Cunknown>\n#5 0x564b326a93cd \u003Cunknown>\n#6 0x564b326cf2a0 \u003Cunknown>\n#7 0x564b326a9173 \u003Cunknown>\n#8 0x564b32675d4b \u003Cunknown>\n#9 0x564b326769b1 \u003Cunknown>\n#10 0x564b32b5490b \u003Cunknown>\n#11 0x564b32b5880a \u003Cunknown>\n#12 0x564b32b3c662 \u003Cunknown>\n#13 0x564b32b59394 \u003Cunknown>\n#14 0x564b32b2149f \u003Cunknown>\n#15 0x564b32b7d538 \u003Cunknown>\n#16 0x564b32b7d716 \u003Cunknown>\n#17 0x564b32b8e5c6 \u003Cunknown>\n#18 0x7f6023a9caa4 \u003Cunknown>\n#19 0x7f6023b29c3c \u003Cunknown>\n"}} | headers=HTTPHeaderDict({'Content-Length': '903', 'Content-Type': 'application/json; charset=utf-8', 'cache-control': 'no-cache'})
2025-05-17 00:08:04,108 - DEBUG - Finished Request
2025-05-17 00:08:04,609 - DEBUG - POST http://localhost:41901/session/de684724f6d8a3196613ff0ac1331fb6/element {'using': 'css selector', 'value': '[id="username"]'}
2025-05-17 00:08:04,620 - DEBUG - http://localhost:41901 "POST /session/de684724f6d8a3196613ff0ac1331fb6/element HTTP/1.1" 404 0
2025-05-17 00:08:04,620 - DEBUG - Remote response: status=404 | data={"value":{"error":"no such element","message":"no such element: Unable to locate element: {\"method\":\"css selector\",\"selector\":\"[id=\"username\"]\"}\n  (Session info: chrome=136.0.7103.92)","stacktrace":"#0 0x564b32b8f75a \u003Cunknown>\n#1 0x564b326320a0 \u003Cunknown>\n#2 0x564b326839b0 \u003Cunknown>\n#3 0x564b32683ba1 \u003Cunknown>\n#4 0x564b326d1ea4 \u003Cunknown>\n#5 0x564b326a93cd \u003Cunknown>\n#6 0x564b326cf2a0 \u003Cunknown>\n#7 0x564b326a9173 \u003Cunknown>\n#8 0x564b32675d4b \u003Cunknown>\n#9 0x564b326769b1 \u003Cunknown>\n#10 0x564b32b5490b \u003Cunknown>\n#11 0x564b32b5880a \u003Cunknown>\n#12 0x564b32b3c662 \u003Cunknown>\n#13 0x564b32b59394 \u003Cunknown>\n#14 0x564b32b2149f \u003Cunknown>\n#15 0x564b32b7d538 \u003Cunknown>\n#16 0x564b32b7d716 \u003Cunknown>\n#17 0x564b32b8e5c6 \u003Cunknown>\n#18 0x7f6023a9caa4 \u003Cunknown>\n#19 0x7f6023b29c3c \u003Cunknown>\n"}} | headers=HTTPHeaderDict({'Content-Length': '903', 'Content-Type': 'application/json; charset=utf-8', 'cache-control': 'no-cache'})
2025-05-17 00:08:04,620 - DEBUG - Finished Request
2025-05-17 00:08:05,121 - DEBUG - POST http://localhost:41901/session/de684724f6d8a3196613ff0ac1331fb6/element {'using': 'css selector', 'value': '[id="username"]'}
2025-05-17 00:08:05,132 - DEBUG - http://localhost:41901 "POST /session/de684724f6d8a3196613ff0ac1331fb6/element HTTP/1.1" 404 0
2025-05-17 00:08:05,132 - DEBUG - Remote response: status=404 | data={"value":{"error":"no such element","message":"no such element: Unable to locate element: {\"method\":\"css selector\",\"selector\":\"[id=\"username\"]\"}\n  (Session info: chrome=136.0.7103.92)","stacktrace":"#0 0x564b32b8f75a \u003Cunknown>\n#1 0x564b326320a0 \u003Cunknown>\n#2 0x564b326839b0 \u003Cunknown>\n#3 0x564b32683ba1 \u003Cunknown>\n#4 0x564b326d1ea4 \u003Cunknown>\n#5 0x564b326a93cd \u003Cunknown>\n#6 0x564b326cf2a0 \u003Cunknown>\n#7 0x564b326a9173 \u003Cunknown>\n#8 0x564b32675d4b \u003Cunknown>\n#9 0x564b326769b1 \u003Cunknown>\n#10 0x564b32b5490b \u003Cunknown>\n#11 0x564b32b5880a \u003Cunknown>\n#12 0x564b32b3c662 \u003Cunknown>\n#13 0x564b32b59394 \u003Cunknown>\n#14 0x564b32b2149f \u003Cunknown>\n#15 0x564b32b7d538 \u003Cunknown>\n#16 0x564b32b7d716 \u003Cunknown>\n#17 0x564b32b8e5c6 \u003Cunknown>\n#18 0x7f6023a9caa4 \u003Cunknown>\n#19 0x7f6023b29c3c \u003Cunknown>\n"}} | headers=HTTPHeaderDict({'Content-Length': '903', 'Content-Type': 'application/json; charset=utf-8', 'cache-control': 'no-cache'})
2025-05-17 00:08:05,132 - DEBUG - Finished Request
2025-05-17 00:08:05,633 - DEBUG - POST http://localhost:41901/session/de684724f6d8a3196613ff0ac1331fb6/element {'using': 'css selector', 'value': '[id="username"]'}
2025-05-17 00:08:05,645 - DEBUG - http://localhost:41901 "POST /session/de684724f6d8a3196613ff0ac1331fb6/element HTTP/1.1" 404 0
2025-05-17 00:08:05,645 - DEBUG - Remote response: status=404 | data={"value":{"error":"no such element","message":"no such element: Unable to locate element: {\"method\":\"css selector\",\"selector\":\"[id=\"username\"]\"}\n  (Session info: chrome=136.0.7103.92)","stacktrace":"#0 0x564b32b8f75a \u003Cunknown>\n#1 0x564b326320a0 \u003Cunknown>\n#2 0x564b326839b0 \u003Cunknown>\n#3 0x564b32683ba1 \u003Cunknown>\n#4 0x564b326d1ea4 \u003Cunknown>\n#5 0x564b326a93cd \u003Cunknown>\n#6 0x564b326cf2a0 \u003Cunknown>\n#7 0x564b326a9173 \u003Cunknown>\n#8 0x564b32675d4b \u003Cunknown>\n#9 0x564b326769b1 \u003Cunknown>\n#10 0x564b32b5490b \u003Cunknown>\n#11 0x564b32b5880a \u003Cunknown>\n#12 0x564b32b3c662 \u003Cunknown>\n#13 0x564b32b59394 \u003Cunknown>\n#14 0x564b32b2149f \u003Cunknown>\n#15 0x564b32b7d538 \u003Cunknown>\n#16 0x564b32b7d716 \u003Cunknown>\n#17 0x564b32b8e5c6 \u003Cunknown>\n#18 0x7f6023a9caa4 \u003Cunknown>\n#19 0x7f6023b29c3c \u003Cunknown>\n"}} | headers=HTTPHeaderDict({'Content-Length': '903', 'Content-Type': 'application/json; charset=utf-8', 'cache-control': 'no-cache'})
2025-05-17 00:08:05,645 - DEBUG - Finished Request
2025-05-17 00:08:06,146 - DEBUG - POST http://localhost:41901/session/de684724f6d8a3196613ff0ac1331fb6/element {'using': 'css selector', 'value': '[id="username"]'}
2025-05-17 00:08:06,158 - DEBUG - http://localhost:41901 "POST /session/de684724f6d8a3196613ff0ac1331fb6/element HTTP/1.1" 404 0
2025-05-17 00:08:06,158 - DEBUG - Remote response: status=404 | data={"value":{"error":"no such element","message":"no such element: Unable to locate element: {\"method\":\"css selector\",\"selector\":\"[id=\"username\"]\"}\n  (Session info: chrome=136.0.7103.92)","stacktrace":"#0 0x564b32b8f75a \u003Cunknown>\n#1 0x564b326320a0 \u003Cunknown>\n#2 0x564b326839b0 \u003Cunknown>\n#3 0x564b32683ba1 \u003Cunknown>\n#4 0x564b326d1ea4 \u003Cunknown>\n#5 0x564b326a93cd \u003Cunknown>\n#6 0x564b326cf2a0 \u003Cunknown>\n#7 0x564b326a9173 \u003Cunknown>\n#8 0x564b32675d4b \u003Cunknown>\n#9 0x564b326769b1 \u003Cunknown>\n#10 0x564b32b5490b \u003Cunknown>\n#11 0x564b32b5880a \u003Cunknown>\n#12 0x564b32b3c662 \u003Cunknown>\n#13 0x564b32b59394 \u003Cunknown>\n#14 0x564b32b2149f \u003Cunknown>\n#15 0x564b32b7d538 \u003Cunknown>\n#16 0x564b32b7d716 \u003Cunknown>\n#17 0x564b32b8e5c6 \u003Cunknown>\n#18 0x7f6023a9caa4 \u003Cunknown>\n#19 0x7f6023b29c3c \u003Cunknown>\n"}} | headers=HTTPHeaderDict({'Content-Length': '903', 'Content-Type': 'application/json; charset=utf-8', 'cache-control': 'no-cache'})
2025-05-17 00:08:06,158 - DEBUG - Finished Request
2025-05-17 00:08:06,659 - DEBUG - POST http://localhost:41901/session/de684724f6d8a3196613ff0ac1331fb6/element {'using': 'css selector', 'value': '[id="username"]'}
2025-05-17 00:08:06,670 - DEBUG - http://localhost:41901 "POST /session/de684724f6d8a3196613ff0ac1331fb6/element HTTP/1.1" 404 0
2025-05-17 00:08:06,670 - DEBUG - Remote response: status=404 | data={"value":{"error":"no such element","message":"no such element: Unable to locate element: {\"method\":\"css selector\",\"selector\":\"[id=\"username\"]\"}\n  (Session info: chrome=136.0.7103.92)","stacktrace":"#0 0x564b32b8f75a \u003Cunknown>\n#1 0x564b326320a0 \u003Cunknown>\n#2 0x564b326839b0 \u003Cunknown>\n#3 0x564b32683ba1 \u003Cunknown>\n#4 0x564b326d1ea4 \u003Cunknown>\n#5 0x564b326a93cd \u003Cunknown>\n#6 0x564b326cf2a0 \u003Cunknown>\n#7 0x564b326a9173 \u003Cunknown>\n#8 0x564b32675d4b \u003Cunknown>\n#9 0x564b326769b1 \u003Cunknown>\n#10 0x564b32b5490b \u003Cunknown>\n#11 0x564b32b5880a \u003Cunknown>\n#12 0x564b32b3c662 \u003Cunknown>\n#13 0x564b32b59394 \u003Cunknown>\n#14 0x564b32b2149f \u003Cunknown>\n#15 0x564b32b7d538 \u003Cunknown>\n#16 0x564b32b7d716 \u003Cunknown>\n#17 0x564b32b8e5c6 \u003Cunknown>\n#18 0x7f6023a9caa4 \u003Cunknown>\n#19 0x7f6023b29c3c \u003Cunknown>\n"}} | headers=HTTPHeaderDict({'Content-Length': '903', 'Content-Type': 'application/json; charset=utf-8', 'cache-control': 'no-cache'})
2025-05-17 00:08:06,670 - DEBUG - Finished Request
2025-05-17 00:08:07,171 - DEBUG - POST http://localhost:41901/session/de684724f6d8a3196613ff0ac1331fb6/element {'using': 'css selector', 'value': '[id="username"]'}
2025-05-17 00:08:07,182 - DEBUG - http://localhost:41901 "POST /session/de684724f6d8a3196613ff0ac1331fb6/element HTTP/1.1" 404 0
2025-05-17 00:08:07,182 - DEBUG - Remote response: status=404 | data={"value":{"error":"no such element","message":"no such element: Unable to locate element: {\"method\":\"css selector\",\"selector\":\"[id=\"username\"]\"}\n  (Session info: chrome=136.0.7103.92)","stacktrace":"#0 0x564b32b8f75a \u003Cunknown>\n#1 0x564b326320a0 \u003Cunknown>\n#2 0x564b326839b0 \u003Cunknown>\n#3 0x564b32683ba1 \u003Cunknown>\n#4 0x564b326d1ea4 \u003Cunknown>\n#5 0x564b326a93cd \u003Cunknown>\n#6 0x564b326cf2a0 \u003Cunknown>\n#7 0x564b326a9173 \u003Cunknown>\n#8 0x564b32675d4b \u003Cunknown>\n#9 0x564b326769b1 \u003Cunknown>\n#10 0x564b32b5490b \u003Cunknown>\n#11 0x564b32b5880a \u003Cunknown>\n#12 0x564b32b3c662 \u003Cunknown>\n#13 0x564b32b59394 \u003Cunknown>\n#14 0x564b32b2149f \u003Cunknown>\n#15 0x564b32b7d538 \u003Cunknown>\n#16 0x564b32b7d716 \u003Cunknown>\n#17 0x564b32b8e5c6 \u003Cunknown>\n#18 0x7f6023a9caa4 \u003Cunknown>\n#19 0x7f6023b29c3c \u003Cunknown>\n"}} | headers=HTTPHeaderDict({'Content-Length': '903', 'Content-Type': 'application/json; charset=utf-8', 'cache-control': 'no-cache'})
2025-05-17 00:08:07,182 - DEBUG - Finished Request
2025-05-17 00:08:07,183 - ERROR - Error: Message: 
Stacktrace:
#0 0x564b32b8f75a <unknown>
#1 0x564b326320a0 <unknown>
#2 0x564b326839b0 <unknown>
#3 0x564b32683ba1 <unknown>
#4 0x564b326d1ea4 <unknown>
#5 0x564b326a93cd <unknown>
#6 0x564b326cf2a0 <unknown>
#7 0x564b326a9173 <unknown>
#8 0x564b32675d4b <unknown>
#9 0x564b326769b1 <unknown>
#10 0x564b32b5490b <unknown>
#11 0x564b32b5880a <unknown>
#12 0x564b32b3c662 <unknown>
#13 0x564b32b59394 <unknown>
#14 0x564b32b2149f <unknown>
#15 0x564b32b7d538 <unknown>
#16 0x564b32b7d716 <unknown>
#17 0x564b32b8e5c6 <unknown>
#18 0x7f6023a9caa4 <unknown>
#19 0x7f6023b29c3c <unknown>

2025-05-17 00:08:07,183 - DEBUG - DELETE http://localhost:41901/session/de684724f6d8a3196613ff0ac1331fb6 {}
2025-05-17 00:08:07,234 - DEBUG - http://localhost:41901 "DELETE /session/de684724f6d8a3196613ff0ac1331fb6 HTTP/1.1" 200 0
2025-05-17 00:08:07,234 - DEBUG - Remote response: status=200 | data={"value":null} | headers=HTTPHeaderDict({'Content-Length': '14', 'Content-Type': 'application/json; charset=utf-8', 'cache-control': 'no-cache'})
2025-05-17 00:08:07,234 - DEBUG - Finished Request
2025-05-17 00:08:07,249 - DEBUG - Browser closed
